\BOOKMARK [0][-]{chapter.1}{\376\377\000C\000h\000a\000p\000t\000e\000r\000\040\000I\000.\000\040\000V\000a\000r\000i\000e\000t\000i\000e\000s}{}% 1
\BOOKMARK [1][-]{section.1.1}{\376\377\0001\000.\000\040\000A\000f\000f\000i\000n\000e\000\040\000V\000a\000r\000i\000e\000t\000i\000e\000s}{chapter.1}% 2
\BOOKMARK [1][-]{section.1.2}{\376\377\0002\000.\000\040\000P\000r\000o\000j\000e\000c\000t\000i\000v\000e\000\040\000V\000a\000r\000i\000e\000t\000i\000e\000s}{chapter.1}% 3
\BOOKMARK [1][-]{section.1.3}{\376\377\0003\000.\000\040\000M\000o\000r\000p\000h\000i\000s\000m\000s}{chapter.1}% 4
\BOOKMARK [1][-]{section.1.4}{\376\377\0004\000.\000\040\000R\000a\000t\000i\000o\000n\000a\000l\000\040\000M\000a\000p\000s}{chapter.1}% 5
\BOOKMARK [1][-]{section.1.5}{\376\377\0005\000.\000\040\000N\000o\000n\000s\000i\000n\000g\000u\000l\000a\000r\000\040\000V\000a\000r\000i\000e\000t\000i\000e\000s}{chapter.1}% 6
\BOOKMARK [1][-]{section.1.6}{\376\377\0006\000.\000\040\000N\000o\000n\000s\000i\000n\000g\000u\000l\000a\000r\000\040\000C\000u\000r\000v\000e\000s}{chapter.1}% 7
\BOOKMARK [1][-]{section.1.7}{\376\377\0007\000.\000\040\000I\000n\000t\000e\000r\000s\000e\000c\000t\000i\000o\000n\000s\000\040\000i\000n\000\040\000P\000r\000o\000j\000e\000c\000t\000i\000v\000e\000\040\000S\000p\000a\000c\000e}{chapter.1}% 8
\BOOKMARK [0][-]{chapter.2}{\376\377\000C\000h\000a\000p\000t\000e\000r\000\040\000I\000I\000.\000\040\000S\000c\000h\000e\000m\000e\000s}{}% 9
\BOOKMARK [1][-]{section.2.1}{\376\377\0001\000.\000\040\000S\000h\000e\000a\000v\000e\000s}{chapter.2}% 10
\BOOKMARK [1][-]{section.2.2}{\376\377\0002\000.\000\040\000S\000c\000h\000e\000m\000e\000s}{chapter.2}% 11
\BOOKMARK [1][-]{section.2.3}{\376\377\0003\000.\000\040\000F\000i\000r\000s\000t\000\040\000P\000r\000o\000p\000e\000r\000t\000i\000e\000s\000\040\000o\000f\000\040\000S\000c\000h\000e\000m\000e\000s}{chapter.2}% 12
\BOOKMARK [1][-]{section.2.4}{\376\377\0004\000.\000\040\000S\000e\000p\000a\000r\000a\000t\000e\000d\000\040\000a\000n\000d\000\040\000P\000r\000o\000p\000e\000r\000\040\000M\000o\000r\000p\000h\000i\000s\000m\000s}{chapter.2}% 13
\BOOKMARK [1][-]{section.2.5}{\376\377\0005\000.\000\040\000S\000h\000e\000a\000v\000e\000s\000\040\000o\000f\000\040\000M\000o\000d\000u\000l\000e\000s}{chapter.2}% 14
\BOOKMARK [1][-]{section.2.6}{\376\377\0006\000.\000\040\000D\000i\000v\000i\000s\000o\000r\000s}{chapter.2}% 15
\BOOKMARK [1][-]{section.2.7}{\376\377\0007\000.\000\040\000P\000r\000o\000j\000e\000c\000t\000i\000v\000e\000\040\000M\000o\000r\000p\000h\000i\000s\000m\000s}{chapter.2}% 16
\BOOKMARK [1][-]{section.2.8}{\376\377\0008\000.\000\040\000D\000i\000f\000f\000e\000r\000e\000n\000t\000i\000a\000l\000s}{chapter.2}% 17
\BOOKMARK [1][-]{section.2.9}{\376\377\0009\000.\000\040\000F\000o\000r\000m\000a\000l\000\040\000S\000c\000h\000e\000m\000e\000s}{chapter.2}% 18
\BOOKMARK [0][-]{chapter.3}{\376\377\000C\000h\000a\000p\000t\000e\000r\000\040\000I\000I\000I\000.\000\040\000C\000o\000h\000o\000m\000o\000l\000o\000g\000y}{}% 19
\BOOKMARK [1][-]{section.3.2}{\376\377\0002\000.\000\040\000C\000o\000h\000o\000m\000o\000l\000o\000g\000y\000\040\000o\000f\000\040\000S\000h\000e\000a\000v\000e\000s}{chapter.3}% 20
\BOOKMARK [1][-]{section.3.3}{\376\377\0003\000.\000\040\000C\000o\000h\000o\000m\000o\000l\000o\000g\000y\000\040\000o\000f\000\040\000a\000\040\000N\000o\000e\000t\000h\000e\000r\000i\000a\000n\000\040\000A\000f\000f\000i\000n\000e\000\040\000S\000c\000h\000e\000m\000e}{chapter.3}% 21
\BOOKMARK [1][-]{section.3.4}{\376\377\0004\000.\000\040\001\014\000e\000c\000h\000\040\000C\000o\000h\000o\000m\000o\000l\000o\000g\000y}{chapter.3}% 22
\BOOKMARK [1][-]{section.3.5}{\376\377\0005\000.\000\040\000T\000h\000e\000\040\000C\000o\000h\000o\000m\000o\000l\000o\000g\000y\000\040\000o\000f\000\040\000P\000r\000o\000j\000e\000c\000t\000i\000v\000e\000\040\000S\000p\000a\000c\000e}{chapter.3}% 23
\BOOKMARK [1][-]{section.3.6}{\376\377\0006\000.\000\040\000E\000x\000t\000\040\000G\000r\000o\000u\000p\000s\000\040\000a\000n\000d\000\040\000S\000h\000e\000a\000v\000e\000s}{chapter.3}% 24
\BOOKMARK [1][-]{section.3.7}{\376\377\0007\000.\000\040\000T\000h\000e\000\040\000S\000e\000r\000r\000e\000\040\000D\000u\000a\000l\000i\000t\000y\000\040\000T\000h\000e\000o\000r\000e\000m}{chapter.3}% 25
\BOOKMARK [1][-]{section.3.8}{\376\377\0008\000.\000\040\000H\000i\000g\000h\000e\000r\000\040\000D\000i\000r\000e\000c\000t\000\040\000I\000m\000a\000g\000e\000s\000\040\000o\000f\000\040\000S\000h\000e\000a\000v\000e\000s}{chapter.3}% 26
\BOOKMARK [1][-]{section.3.9}{\376\377\0009\000.\000\040\000F\000l\000a\000t\000\040\000M\000o\000r\000p\000h\000i\000s\000m\000s}{chapter.3}% 27
\BOOKMARK [1][-]{section.3.10}{\376\377\0001\0000\000.\000\040\000S\000m\000o\000o\000t\000h\000\040\000M\000o\000r\000p\000h\000i\000s\000m\000s}{chapter.3}% 28
\BOOKMARK [1][-]{section.3.11}{\376\377\0001\0001\000.\000\040\000T\000h\000e\000\040\000T\000h\000e\000o\000r\000e\000m\000\040\000o\000n\000\040\000F\000o\000r\000m\000a\000l\000\040\000F\000u\000n\000c\000t\000i\000o\000n\000s}{chapter.3}% 29
\BOOKMARK [1][-]{section.3.12}{\376\377\0001\0002\000.\000\040\000T\000h\000e\000\040\000S\000e\000m\000i\000c\000o\000n\000t\000i\000n\000u\000i\000t\000y\000\040\000T\000h\000e\000o\000r\000e\000m}{chapter.3}% 30
\BOOKMARK [0][-]{chapter.4}{\376\377\000C\000h\000a\000p\000t\000e\000r\000\040\000I\000V\000.\000\040\000C\000u\000r\000v\000e\000s}{}% 31
\BOOKMARK [1][-]{section.4.1}{\376\377\0001\000.\000\040\000T\000h\000e\000\040\000R\000i\000e\000m\000a\000n\000n\000-\000R\000o\000c\000h\000\040\000T\000h\000e\000o\000r\000e\000m}{chapter.4}% 32
\BOOKMARK [1][-]{section.4.2}{\376\377\0002\000.\000\040\000H\000u\000r\000w\000i\000t\000z\000'\000s\000\040\000T\000h\000e\000o\000r\000e\000m}{chapter.4}% 33
\BOOKMARK [1][-]{section.4.3}{\376\377\0003\000.\000\040\000E\000m\000b\000e\000d\000d\000i\000n\000g\000s\000\040\000i\000n\000\040\000P\000r\000o\000j\000e\000c\000t\000i\000v\000e\000\040\000S\000p\000a\000c\000e}{chapter.4}% 34
\BOOKMARK [1][-]{section.4.4}{\376\377\0004\000.\000\040\000E\000l\000l\000i\000p\000t\000i\000c\000\040\000C\000u\000r\000v\000e\000s}{chapter.4}% 35
\BOOKMARK [1][-]{section.4.5}{\376\377\0005\000.\000\040\000T\000h\000e\000\040\000C\000a\000n\000o\000n\000i\000c\000a\000l\000\040\000E\000m\000b\000e\000d\000d\000i\000n\000g}{chapter.4}% 36
\BOOKMARK [1][-]{section.4.6}{\376\377\0006\000.\000\040\000C\000l\000a\000s\000s\000i\000f\000i\000c\000a\000t\000i\000o\000n\000\040\000o\000f\000\040\000C\000u\000r\000v\000e\000s\000\040\000i\000n\000\040\000P\0003}{chapter.4}% 37
\BOOKMARK [0][-]{chapter.5}{\376\377\000C\000h\000a\000p\000t\000e\000r\000\040\000V\000.\000\040\000S\000u\000r\000f\000a\000c\000e\000s}{}% 38
\BOOKMARK [1][-]{section.5.1}{\376\377\0001\000.\000\040\000G\000e\000o\000m\000e\000t\000r\000y\000\040\000o\000n\000\040\000a\000\040\000S\000u\000r\000f\000a\000c\000e}{chapter.5}% 39
\BOOKMARK [1][-]{section.5.2}{\376\377\0002\000.\000\040\000R\000u\000l\000e\000d\000\040\000S\000u\000r\000f\000a\000c\000e\000s}{chapter.5}% 40
\BOOKMARK [1][-]{section.5.3}{\376\377\0003\000.\000\040\000M\000o\000n\000o\000i\000d\000a\000l\000\040\000T\000r\000a\000n\000s\000f\000o\000r\000m\000a\000t\000i\000o\000n\000s}{chapter.5}% 41
\BOOKMARK [1][-]{section.5.4}{\376\377\0004\000.\000\040\000T\000h\000e\000\040\000C\000u\000b\000i\000c\000\040\000S\000u\000r\000f\000a\000c\000e\000\040\000i\000n\000\040\000P\0003}{chapter.5}% 42
\BOOKMARK [1][-]{section.5.5}{\376\377\0005\000.\000\040\000B\000i\000r\000a\000t\000i\000o\000n\000a\000l\000\040\000T\000r\000a\000n\000s\000f\000o\000r\000m\000a\000t\000i\000o\000n\000s}{chapter.5}% 43
\BOOKMARK [1][-]{section.5.6}{\376\377\0006\000.\000\040\000C\000l\000a\000s\000s\000i\000f\000i\000c\000a\000t\000i\000o\000n\000\040\000o\000f\000\040\000S\000u\000r\000f\000a\000c\000e\000s}{chapter.5}% 44
\BOOKMARK [0][-]{chapter*.1}{\376\377\000A\000p\000p\000e\000n\000d\000i\000c\000e\000s}{}% 45
\BOOKMARK [1][-]{section.5.1}{\376\377\000A\000.\000\040\000I\000n\000t\000e\000r\000s\000e\000c\000t\000i\000o\000n\000\040\000T\000h\000e\000o\000r\000y}{chapter*.1}% 46
\BOOKMARK [1][-]{section.5.2}{\376\377\000B\000.\000\040\000T\000r\000a\000n\000s\000c\000e\000n\000d\000e\000n\000t\000a\000l\000\040\000M\000e\000t\000h\000o\000d\000s}{chapter*.1}% 47
\BOOKMARK [1][-]{section.5.3}{\376\377\000C\000.\000\040\000T\000h\000e\000\040\000W\000e\000i\000l\000\040\000C\000o\000n\000j\000e\000c\000t\000u\000r\000e\000s}{chapter*.1}% 48
