\BOOKMARK [0][-]{chapter.1}{\376\377\000C\000h\000a\000p\000t\000e\000r\000\040\000I\000.\000\040\000A\000l\000g\000e\000b\000r\000a\000i\000c\000\040\000I\000n\000t\000e\000g\000e\000r\000s}{}% 1
\BOOKMARK [1][-]{section.1.1}{\376\377\000I\000.\0001\000.\000\040\000T\000h\000e\000\040\000G\000a\000u\000s\000s\000i\000a\000n\000\040\000I\000n\000t\000e\000g\000e\000r\000s}{chapter.1}% 2
\BOOKMARK [1][-]{section.1.2}{\376\377\000I\000.\0002\000.\000\040\000I\000n\000t\000e\000g\000r\000a\000l\000i\000t\000y}{chapter.1}% 3
\BOOKMARK [1][-]{section.1.3}{\376\377\000I\000.\0003\000.\000\040\000I\000d\000e\000a\000l\000s}{chapter.1}% 4
\BOOKMARK [1][-]{section.1.4}{\376\377\000I\000.\0004\000.\000\040\000L\000a\000t\000t\000i\000c\000e\000s}{chapter.1}% 5
\BOOKMARK [1][-]{section.1.5}{\376\377\000I\000.\0005\000.\000\040\000M\000i\000n\000k\000o\000w\000s\000k\000i\000\040\000T\000h\000e\000o\000r\000y}{chapter.1}% 6
\BOOKMARK [1][-]{section.1.6}{\376\377\000I\000.\0006\000.\000\040\000T\000h\000e\000\040\000C\000l\000a\000s\000s\000\040\000N\000u\000m\000b\000e\000r}{chapter.1}% 7
\BOOKMARK [1][-]{section.1.7}{\376\377\000I\000.\0007\000.\000\040\000D\000i\000r\000i\000c\000h\000l\000e\000t\000'\000s\000\040\000U\000n\000i\000t\000\040\000T\000h\000e\000o\000r\000e\000m}{chapter.1}% 8
\BOOKMARK [1][-]{section.1.8}{\376\377\000I\000.\0008\000.\000\040\000E\000x\000t\000e\000n\000s\000i\000o\000n\000s\000\040\000o\000f\000\040\000D\000e\000d\000e\000k\000i\000n\000d\000\040\000D\000o\000m\000a\000i\000n\000s}{chapter.1}% 9
\BOOKMARK [1][-]{section.1.9}{\376\377\000I\000.\0009\000.\000\040\000H\000i\000l\000b\000e\000r\000t\000'\000s\000\040\000R\000a\000m\000i\000f\000i\000c\000a\000t\000i\000o\000n\000\040\000T\000h\000e\000o\000r\000y}{chapter.1}% 10
\BOOKMARK [1][-]{section.1.10}{\376\377\000I\000.\0001\0000\000.\000\040\000C\000y\000c\000l\000o\000t\000o\000m\000i\000c\000\040\000F\000i\000e\000l\000d\000s}{chapter.1}% 11
\BOOKMARK [1][-]{section.1.11}{\376\377\000I\000.\0001\0001\000.\000\040\000L\000o\000c\000a\000l\000i\000z\000a\000t\000i\000o\000n}{chapter.1}% 12
\BOOKMARK [1][-]{section.1.12}{\376\377\000I\000.\0001\0002\000.\000\040\000O\000r\000d\000e\000r\000s}{chapter.1}% 13
\BOOKMARK [0][-]{chapter.2}{\376\377\000C\000h\000a\000p\000t\000e\000r\000\040\000I\000I\000.\000\040\000T\000h\000e\000\040\000T\000h\000e\000o\000r\000y\000\040\000o\000f\000\040\000V\000a\000l\000u\000a\000t\000i\000o\000n\000s}{}% 14
\BOOKMARK [1][-]{section.2.1}{\376\377\000I\000I\000.\0001\000.\000\040\000T\000h\000e\000\040\000p\000-\000a\000d\000i\000c\000\040\000N\000u\000m\000b\000e\000r\000s}{chapter.2}% 15
\BOOKMARK [1][-]{section.2.2}{\376\377\000I\000I\000.\0002\000.\000\040\000T\000h\000e\000\040\000p\000-\000a\000d\000i\000c\000\040\000A\000b\000s\000o\000l\000u\000t\000e\000\040\000V\000a\000l\000u\000e}{chapter.2}% 16
\BOOKMARK [1][-]{section.2.3}{\376\377\000I\000I\000.\0003\000.\000\040\000V\000a\000l\000u\000a\000t\000i\000o\000n\000s}{chapter.2}% 17
\BOOKMARK [1][-]{section.2.4}{\376\377\000I\000I\000.\0004\000.\000\040\000C\000o\000m\000p\000l\000e\000t\000i\000o\000n\000s}{chapter.2}% 18
\BOOKMARK [1][-]{section.2.5}{\376\377\000I\000I\000.\0005\000.\000\040\000L\000o\000c\000a\000l\000\040\000F\000i\000e\000l\000d\000s}{chapter.2}% 19
\BOOKMARK [1][-]{section.2.6}{\376\377\000I\000I\000.\0006\000.\000\040\000H\000e\000n\000s\000e\000l\000i\000a\000n\000\040\000F\000i\000e\000l\000d\000s}{chapter.2}% 20
\BOOKMARK [1][-]{section.2.7}{\376\377\000I\000I\000.\0007\000.\000\040\000U\000n\000r\000a\000m\000i\000f\000i\000e\000d\000\040\000a\000n\000d\000\040\000T\000a\000m\000e\000l\000y\000\040\000R\000a\000m\000i\000f\000i\000e\000d\000\040\000E\000x\000t\000e\000n\000s\000i\000o\000n\000s}{chapter.2}% 21
\BOOKMARK [1][-]{section.2.8}{\376\377\000I\000I\000.\0008\000.\000\040\000E\000x\000t\000e\000n\000s\000i\000o\000n\000s\000\040\000o\000f\000\040\000V\000a\000l\000u\000a\000t\000i\000o\000n\000s}{chapter.2}% 22
\BOOKMARK [1][-]{section.2.9}{\376\377\000I\000I\000.\0009\000.\000\040\000G\000a\000l\000o\000i\000s\000\040\000T\000h\000e\000o\000r\000y\000\040\000o\000f\000\040\000V\000a\000l\000u\000a\000t\000i\000o\000n\000s}{chapter.2}% 23
\BOOKMARK [1][-]{section.2.10}{\376\377\000I\000I\000.\0001\0000\000.\000\040\000H\000i\000g\000h\000e\000r\000\040\000R\000a\000m\000i\000f\000i\000c\000a\000t\000i\000o\000n\000\040\000G\000r\000o\000u\000p\000s}{chapter.2}% 24
\BOOKMARK [0][-]{chapter.3}{\376\377\000C\000h\000a\000p\000t\000e\000r\000\040\000I\000I\000I\000.\000\040\000R\000i\000e\000m\000a\000n\000n\000-\000R\000o\000c\000h\000\040\000T\000h\000e\000o\000r\000y}{}% 25
\BOOKMARK [1][-]{section.3.1}{\376\377\000I\000I\000I\000.\0001\000.\000\040\000P\000r\000i\000m\000e\000s}{chapter.3}% 26
\BOOKMARK [1][-]{section.3.2}{\376\377\000I\000I\000I\000.\0002\000.\000\040\000D\000i\000f\000f\000e\000r\000e\000n\000t\000\040\000a\000n\000d\000\040\000D\000i\000s\000c\000r\000i\000m\000i\000n\000a\000n\000t}{chapter.3}% 27
\BOOKMARK [1][-]{section.3.4}{\376\377\000I\000I\000I\000.\0004\000.\000\040\000M\000e\000t\000r\000i\000z\000e\000d\000\040\000O\000-\000M\000o\000d\000u\000l\000e\000s}{chapter.3}% 28
\BOOKMARK [0][-]{chapter.4}{\376\377\000C\000h\000a\000p\000t\000e\000r\000\040\000I\000V\000.\000\040\000A\000b\000s\000t\000r\000a\000c\000t\000\040\000C\000l\000a\000s\000s\000\040\000F\000i\000e\000l\000d\000\040\000T\000h\000e\000o\000r\000y}{}% 29
\BOOKMARK [1][-]{section.4.1}{\376\377\000I\000V\000.\0001\000.\000\040\000I\000n\000f\000i\000n\000i\000t\000e\000\040\000G\000a\000l\000o\000i\000s\000\040\000T\000h\000e\000o\000r\000y}{chapter.4}% 30
\BOOKMARK [1][-]{section.4.2}{\376\377\000I\000V\000.\0002\000.\000\040\000P\000r\000o\000j\000e\000c\000t\000i\000v\000e\000\040\000a\000n\000d\000\040\000I\000n\000d\000u\000c\000t\000i\000v\000e\000\040\000L\000i\000m\000i\000t\000s}{chapter.4}% 31
\BOOKMARK [1][-]{section.4.3}{\376\377\000I\000V\000.\0003\000.\000\040\000A\000b\000s\000t\000r\000a\000c\000t\000\040\000G\000a\000l\000o\000i\000s\000\040\000T\000h\000e\000o\000r\000y}{chapter.4}% 32
\BOOKMARK [1][-]{section.4.4}{\376\377\000I\000V\000.\0004\000.\000\040\000A\000b\000s\000t\000r\000a\000c\000t\000\040\000V\000a\000l\000u\000a\000t\000i\000o\000n\000\040\000T\000h\000e\000o\000r\000y}{chapter.4}% 33
\BOOKMARK [1][-]{section.4.5}{\376\377\000I\000V\000.\0005\000.\000\040\000T\000h\000e\000\040\000R\000e\000c\000i\000p\000r\000o\000c\000i\000t\000y\000\040\000M\000a\000p}{chapter.4}% 34
\BOOKMARK [1][-]{section.4.6}{\376\377\000I\000V\000.\0006\000.\000\040\000T\000h\000e\000\040\000G\000e\000n\000e\000r\000a\000l\000\040\000R\000e\000c\000i\000p\000r\000o\000c\000i\000t\000y\000\040\000L\000a\000w}{chapter.4}% 35
\BOOKMARK [1][-]{section.4.7}{\376\377\000I\000V\000.\0007\000.\000\040\000T\000h\000e\000\040\000H\000e\000r\000b\000r\000a\000n\000d\000\040\000Q\000u\000o\000t\000i\000e\000n\000t}{chapter.4}% 36
\BOOKMARK [0][-]{chapter.5}{\376\377\000C\000h\000a\000p\000t\000e\000r\000\040\000V\000.\000\040\000L\000o\000c\000a\000l\000\040\000C\000l\000a\000s\000s\000\040\000F\000i\000e\000l\000d\000\040\000T\000h\000e\000o\000r\000y}{}% 37
\BOOKMARK [1][-]{section.5.1}{\376\377\000V\000.\0001\000.\000\040\000T\000h\000e\000\040\000L\000o\000c\000a\000l\000\040\000R\000e\000c\000i\000p\000r\000o\000c\000i\000t\000y\000\040\000L\000a\000w}{chapter.5}% 38
\BOOKMARK [1][-]{section.5.2}{\376\377\000V\000.\0002\000.\000\040\000T\000h\000e\000\040\000N\000o\000r\000m\000\040\000R\000e\000s\000i\000d\000u\000e\000\040\000S\000y\000m\000b\000o\000l\000\040\000o\000v\000e\000r\000\040\000Q\000p}{chapter.5}% 39
\BOOKMARK [1][-]{section.5.3}{\376\377\000V\000.\0003\000.\000\040\000T\000h\000e\000\040\000H\000i\000l\000b\000e\000r\000t\000\040\000S\000y\000m\000b\000o\000l}{chapter.5}% 40
\BOOKMARK [1][-]{section.5.4}{\376\377\000V\000.\0004\000.\000\040\000F\000o\000r\000m\000a\000l\000\040\000G\000r\000o\000u\000p\000s}{chapter.5}% 41
\BOOKMARK [1][-]{section.5.5}{\376\377\000V\000.\0005\000.\000\040\000G\000e\000n\000e\000r\000a\000l\000i\000z\000e\000d\000\040\000C\000y\000c\000l\000o\000t\000o\000m\000i\000c\000\040\000T\000h\000e\000o\000r\000y}{chapter.5}% 42
\BOOKMARK [0][-]{chapter.6}{\376\377\000C\000h\000a\000p\000t\000e\000r\000\040\000V\000I\000.\000\040\000G\000l\000o\000b\000a\000l\000\040\000C\000l\000a\000s\000s\000\040\000F\000i\000e\000l\000d\000\040\000T\000h\000e\000o\000r\000y}{}% 43
\BOOKMARK [1][-]{section.6.1}{\376\377\000V\000I\000.\0001\000.\000\040\000I\000d\000\350\000l\000e\000s\000\040\000a\000n\000d\000\040\000I\000d\000\350\000l\000e\000\040\000C\000l\000a\000s\000s\000e\000s}{chapter.6}% 44
\BOOKMARK [1][-]{section.6.2}{\376\377\000V\000I\000.\0002\000.\000\040\000I\000d\000\350\000l\000e\000s\000\040\000i\000n\000\040\000F\000i\000e\000l\000d\000\040\000E\000x\000t\000e\000n\000s\000i\000o\000n}{chapter.6}% 45
\BOOKMARK [1][-]{section.6.3}{\376\377\000V\000I\000.\0003\000.\000\040\000T\000h\000e\000\040\000H\000e\000r\000b\000r\000a\000n\000d\000\040\000Q\000u\000o\000t\000i\000e\000n\000t\000\040\000o\000f\000\040\000t\000h\000e\000\040\000I\000d\000\350\000l\000e\000\040\000C\000l\000a\000s\000s\000\040\000G\000r\000o\000u\000p}{chapter.6}% 46
\BOOKMARK [1][-]{section.6.4}{\376\377\000V\000I\000.\0004\000.\000\040\000T\000h\000e\000\040\000C\000l\000a\000s\000s\000\040\000F\000i\000e\000l\000d\000\040\000A\000x\000i\000o\000m}{chapter.6}% 47
\BOOKMARK [1][-]{section.6.5}{\376\377\000V\000I\000.\0005\000.\000\040\000T\000h\000e\000\040\000G\000l\000o\000b\000a\000l\000\040\000R\000e\000c\000i\000p\000r\000o\000c\000i\000t\000y\000\040\000L\000a\000w}{chapter.6}% 48
\BOOKMARK [1][-]{section.6.6}{\376\377\000V\000I\000.\0006\000.\000\040\000G\000l\000o\000b\000a\000l\000\040\000C\000l\000a\000s\000s\000\040\000F\000i\000e\000l\000d\000s}{chapter.6}% 49
\BOOKMARK [1][-]{section.6.7}{\376\377\000V\000I\000.\0007\000.\000\040\000T\000h\000e\000\040\000I\000d\000e\000a\000l\000-\000T\000h\000e\000o\000r\000e\000t\000i\000c\000\040\000V\000e\000r\000s\000i\000o\000n\000\040\000o\000f\000\040\000C\000l\000a\000s\000s\000\040\000F\000i\000e\000l\000d\000\040\000T\000h\000e\000o\000r\000y}{chapter.6}% 50
\BOOKMARK [0][-]{chapter.7}{\376\377\000C\000h\000a\000p\000t\000e\000r\000\040\000V\000I\000I\000.\000\040\000Z\000e\000t\000a\000\040\000F\000u\000n\000c\000t\000i\000o\000n\000s\000\040\000a\000n\000d\000\040\000L\000-\000s\000e\000r\000i\000e\000s}{}% 51
\BOOKMARK [1][-]{section.7.1}{\376\377\000V\000I\000I\000.\0001\000.\000\040\000T\000h\000e\000\040\000R\000i\000e\000m\000a\000n\000n\000\040\000Z\000e\000t\000a\000\040\000F\000u\000n\000c\000t\000i\000o\000n}{chapter.7}% 52
\BOOKMARK [1][-]{section.7.2}{\376\377\000V\000I\000I\000.\0002\000.\000\040\000D\000i\000r\000i\000c\000h\000l\000e\000t\000\040\000L\000-\000s\000e\000r\000i\000e\000s}{chapter.7}% 53
\BOOKMARK [1][-]{section.7.3}{\376\377\000V\000I\000I\000.\0003\000.\000\040\000H\000e\000c\000k\000e\000\040\000C\000h\000a\000r\000a\000c\000t\000e\000r\000s}{chapter.7}% 54
\BOOKMARK [1][-]{section.7.4}{\376\377\000V\000I\000I\000.\0004\000.\000\040\000T\000h\000e\000t\000a\000\040\000S\000e\000r\000i\000e\000s\000\040\000o\000f\000\040\000A\000l\000g\000e\000b\000r\000a\000i\000c\000\040\000N\000u\000m\000b\000e\000r\000\040\000F\000i\000e\000l\000d\000s}{chapter.7}% 55
