\BOOKMARK [0][-]{chapter.1}{\376\377\000C\000h\000a\000p\000t\000e\000r\000\040\0001\000.\000\040\000S\000i\000n\000g\000u\000l\000a\000r\000\040\000h\000o\000m\000o\000l\000o\000g\000y}{}% 1
\BOOKMARK [1][-]{section.1.1}{\376\377\0001\000.\000\040\000I\000n\000t\000r\000o\000d\000u\000c\000t\000i\000o\000n\000:\000\040\000s\000i\000n\000g\000u\000l\000a\000r\000\040\000s\000i\000m\000p\000l\000i\000c\000e\000s\000\040\000a\000n\000d\000\040\000c\000h\000a\000i\000n\000s}{chapter.1}% 2
\BOOKMARK [1][-]{section.1.2}{\376\377\0002\000.\000\040\000H\000o\000m\000o\000l\000o\000g\000y}{chapter.1}% 3
\BOOKMARK [1][-]{section.1.3}{\376\377\0003\000.\000\040\000C\000a\000t\000e\000g\000o\000r\000i\000e\000s\000,\000\040\000f\000u\000n\000c\000t\000o\000r\000s\000,\000\040\000a\000n\000d\000\040\000n\000a\000t\000u\000r\000a\000l\000\040\000t\000r\000a\000n\000s\000f\000o\000r\000m\000a\000t\000i\000o\000n\000s}{chapter.1}% 4
\BOOKMARK [1][-]{section.1.4}{\376\377\0004\000.\000\040\000C\000a\000t\000e\000g\000o\000r\000i\000c\000a\000l\000\040\000l\000a\000n\000g\000u\000a\000g\000e}{chapter.1}% 5
\BOOKMARK [1][-]{section.1.5}{\376\377\0005\000.\000\040\000H\000o\000m\000o\000t\000o\000p\000y\000,\000\040\000s\000t\000a\000r\000-\000s\000h\000a\000p\000e\000d\000\040\000r\000e\000g\000i\000o\000n\000s}{chapter.1}% 6
\BOOKMARK [1][-]{section.1.6}{\376\377\0006\000.\000\040\000H\000o\000m\000o\000t\000o\000p\000y\000\040\000i\000n\000v\000a\000r\000i\000a\000n\000c\000e\000\040\000o\000f\000\040\000h\000o\000m\000o\000l\000o\000g\000y}{chapter.1}% 7
\BOOKMARK [1][-]{section.1.7}{\376\377\0007\000.\000\040\000H\000o\000m\000o\000l\000o\000g\000y\000\040\000c\000r\000o\000s\000s\000\040\000p\000r\000o\000d\000u\000c\000t}{chapter.1}% 8
\BOOKMARK [1][-]{section.1.8}{\376\377\0008\000.\000\040\000R\000e\000l\000a\000t\000i\000v\000e\000\040\000h\000o\000m\000o\000l\000o\000g\000y}{chapter.1}% 9
\BOOKMARK [1][-]{section.1.9}{\376\377\0009\000.\000\040\000H\000o\000m\000o\000l\000o\000g\000y\000\040\000l\000o\000n\000g\000\040\000e\000x\000a\000c\000t\000\040\000s\000e\000q\000u\000e\000n\000c\000e}{chapter.1}% 10
\BOOKMARK [1][-]{section.1.10}{\376\377\0001\0000\000.\000\040\000E\000x\000c\000i\000s\000i\000o\000n\000\040\000a\000n\000d\000\040\000a\000p\000p\000l\000i\000c\000a\000t\000i\000o\000n\000s}{chapter.1}% 11
\BOOKMARK [1][-]{section.1.11}{\376\377\0001\0001\000.\000\040\000E\000i\000l\000e\000n\000b\000e\000r\000g\000-\000S\000t\000e\000e\000n\000r\000o\000d\000\040\000a\000x\000i\000o\000m\000s\000\040\000a\000n\000d\000\040\000t\000h\000e\000\040\000l\000o\000c\000a\000l\000i\000t\000y\000\040\000p\000r\000i\000n\000c\000i\000p\000l\000e}{chapter.1}% 12
\BOOKMARK [1][-]{section.1.12}{\376\377\0001\0002\000.\000\040\000S\000u\000b\000d\000i\000v\000i\000s\000i\000o\000n}{chapter.1}% 13
\BOOKMARK [1][-]{section.1.13}{\376\377\0001\0003\000.\000\040\000P\000r\000o\000o\000f\000\040\000o\000f\000\040\000t\000h\000e\000\040\000l\000o\000c\000a\000l\000i\000t\000y\000\040\000p\000r\000i\000n\000c\000i\000p\000l\000e}{chapter.1}% 14
\BOOKMARK [0][-]{chapter.2}{\376\377\000C\000h\000a\000p\000t\000e\000r\000\040\0002\000.\000\040\000C\000o\000m\000p\000u\000t\000a\000t\000i\000o\000n\000a\000l\000\040\000m\000e\000t\000h\000o\000d\000s}{}% 15
\BOOKMARK [1][-]{section.2.14}{\376\377\0001\0004\000.\000\040\000C\000W\000\040\000c\000o\000m\000p\000l\000e\000x\000e\000s\000\040\000I}{chapter.2}% 16
\BOOKMARK [1][-]{section.2.15}{\376\377\0001\0005\000.\000\040\000C\000W\000\040\000c\000o\000m\000p\000l\000e\000x\000e\000s\000\040\000I\000I}{chapter.2}% 17
\BOOKMARK [1][-]{section.2.16}{\376\377\0001\0006\000.\000\040\000H\000o\000m\000o\000l\000o\000g\000y\000\040\000o\000f\000\040\000C\000W\000\040\000c\000o\000m\000p\000l\000e\000x\000e\000s}{chapter.2}% 18
\BOOKMARK [1][-]{section.2.17}{\376\377\0001\0007\000.\000\040\000R\000e\000a\000l\000\040\000p\000r\000o\000j\000e\000c\000t\000i\000v\000e\000\040\000s\000p\000a\000c\000e}{chapter.2}% 19
\BOOKMARK [1][-]{section.2.18}{\376\377\0001\0008\000.\000\040\000E\000u\000l\000e\000r\000\040\000c\000h\000a\000r\000a\000c\000t\000e\000r\000i\000s\000t\000i\000c\000\040\000a\000n\000d\000\040\000h\000o\000m\000o\000l\000o\000g\000y\000\040\000a\000p\000p\000r\000o\000x\000i\000m\000a\000t\000i\000o\000n}{chapter.2}% 20
\BOOKMARK [1][-]{section.2.19}{\376\377\0001\0009\000.\000\040\000C\000o\000e\000f\000f\000i\000c\000i\000e\000n\000t\000s}{chapter.2}% 21
\BOOKMARK [1][-]{section.2.20}{\376\377\0002\0000\000.\000\040\000T\000e\000n\000s\000o\000r\000\040\000P\000r\000o\000d\000u\000c\000t}{chapter.2}% 22
\BOOKMARK [1][-]{section.2.22}{\376\377\0002\0002\000.\000\040\000F\000u\000n\000d\000a\000m\000e\000n\000t\000a\000l\000\040\000t\000h\000e\000o\000r\000e\000m\000\040\000o\000f\000\040\000h\000o\000m\000o\000l\000o\000g\000i\000c\000a\000l\000\040\000a\000l\000g\000e\000b\000r\000a}{chapter.2}% 23
\BOOKMARK [1][-]{section.2.23}{\376\377\0002\0003\000.\000\040\000H\000o\000m\000\040\000a\000n\000d\000\040\000L\000i\000m}{chapter.2}% 24
\BOOKMARK [1][-]{section.2.24}{\376\377\0002\0004\000.\000\040\000U\000n\000i\000v\000e\000r\000s\000a\000l\000\040\000c\000o\000e\000f\000f\000i\000c\000i\000e\000n\000t\000\040\000t\000h\000e\000o\000r\000e\000m}{chapter.2}% 25
\BOOKMARK [1][-]{section.2.25}{\376\377\0002\0005\000.\000\040\000K\000\374\000n\000n\000e\000t\000h\000\040\000a\000n\000d\000\040\000E\000i\000l\000e\000n\000b\000e\000r\000g\000-\000Z\000i\000l\000b\000e\000r}{chapter.2}% 26
\BOOKMARK [0][-]{chapter.3}{\376\377\000C\000h\000a\000p\000t\000e\000r\000\040\0003\000.\000\040\000C\000o\000h\000o\000m\000o\000l\000o\000g\000y\000\040\000a\000n\000d\000\040\000d\000u\000a\000l\000i\000t\000y}{}% 27
\BOOKMARK [1][-]{section.3.26}{\376\377\0002\0006\000.\000\040\000C\000o\000p\000r\000o\000d\000u\000c\000t\000s\000,\000\040\000c\000o\000h\000o\000m\000o\000l\000o\000g\000y}{chapter.3}% 28
\BOOKMARK [1][-]{section.3.27}{\376\377\0002\0007\000.\000\040\000E\000x\000t\000\040\000a\000n\000d\000\040\000U\000C\000T}{chapter.3}% 29
\BOOKMARK [1][-]{section.3.28}{\376\377\0002\0008\000.\000\040\000P\000r\000o\000d\000u\000c\000t\000s\000\040\000i\000n\000\040\000c\000o\000h\000o\000m\000o\000l\000o\000g\000y}{chapter.3}% 30
\BOOKMARK [1][-]{section.3.29}{\376\377\0002\0009\000.\000\040\000C\000u\000p\000\040\000p\000r\000o\000d\000u\000c\000t\000,\000\040\000c\000o\000n\000t\000i\000n\000u\000e\000d}{chapter.3}% 31
\BOOKMARK [1][-]{section.3.30}{\376\377\0003\0000\000.\000\040\000S\000u\000r\000f\000a\000c\000e\000s\000\040\000a\000n\000d\000\040\000n\000o\000n\000d\000e\000g\000e\000n\000e\000r\000a\000t\000e\000\040\000s\000y\000m\000m\000e\000t\000r\000i\000c\000\040\000b\000i\000l\000i\000n\000e\000a\000r\000\040\000f\000o\000r\000m\000s}{chapter.3}% 32
\BOOKMARK [1][-]{section.3.31}{\376\377\0003\0001\000.\000\040\000L\000o\000c\000a\000l\000\040\000c\000o\000e\000f\000f\000i\000c\000i\000e\000n\000t\000s\000\040\000a\000n\000d\000\040\000o\000r\000i\000e\000n\000t\000a\000t\000i\000o\000n\000s}{chapter.3}% 33
\BOOKMARK [1][-]{section.3.33}{\376\377\0003\0003\000.\000\040\000A\000\040\000p\000l\000e\000t\000h\000o\000r\000a\000\040\000o\000f\000\040\000p\000r\000o\000d\000u\000c\000t\000s}{chapter.3}% 34
\BOOKMARK [1][-]{section.3.34}{\376\377\0003\0004\000.\000\040\000C\000a\000p\000\040\000p\000r\000o\000d\000u\000c\000t\000\040\000a\000n\000d\000\040\001\014\000e\000c\000h\000\040\000c\000o\000h\000o\000m\000o\000l\000o\000g\000y\000\040\000t\000h\000e\000o\000r\000y}{chapter.3}% 35
\BOOKMARK [1][-]{section.3.36}{\376\377\0003\0006\000.\000\040\000F\000u\000l\000l\000y\000\040\000r\000e\000l\000a\000t\000i\000v\000e\000\040\000c\000a\000p\000\040\000p\000r\000o\000d\000u\000c\000t}{chapter.3}% 36
\BOOKMARK [1][-]{section.3.37}{\376\377\0003\0007\000.\000\040\000P\000o\000i\000n\000c\000a\000r\000\351\000\040\000d\000u\000a\000l\000i\000t\000y}{chapter.3}% 37
\BOOKMARK [1][-]{section.3.38}{\376\377\0003\0008\000.\000\040\000A\000p\000p\000l\000i\000c\000a\000t\000i\000o\000n\000s}{chapter.3}% 38
\BOOKMARK [0][-]{chapter.4}{\376\377\000C\000h\000a\000p\000t\000e\000r\000\040\0004\000.\000\040\000B\000a\000s\000i\000c\000\040\000h\000o\000m\000o\000t\000o\000p\000y\000\040\000t\000h\000e\000o\000r\000y}{}% 39
\BOOKMARK [1][-]{section.4.39}{\376\377\0003\0009\000.\000\040\000L\000i\000m\000i\000t\000s\000,\000\040\000c\000o\000l\000i\000m\000i\000t\000s\000,\000\040\000a\000n\000d\000\040\000a\000d\000j\000u\000n\000c\000t\000i\000o\000n\000s}{chapter.4}% 40
\BOOKMARK [1][-]{section.4.40}{\376\377\0004\0000\000.\000\040\000C\000a\000r\000t\000e\000s\000i\000a\000n\000\040\000c\000l\000o\000s\000u\000r\000e\000\040\000a\000n\000d\000\040\000c\000o\000m\000p\000a\000c\000t\000l\000y\000\040\000g\000e\000n\000e\000r\000a\000t\000e\000d\000\040\000s\000p\000a\000c\000e\000s}{chapter.4}% 41
\BOOKMARK [1][-]{section.4.41}{\376\377\0004\0001\000.\000\040\000B\000a\000s\000e\000p\000o\000i\000n\000t\000s\000\040\000a\000n\000d\000\040\000t\000h\000e\000\040\000h\000o\000m\000o\000t\000o\000p\000y\000\040\000c\000a\000t\000e\000g\000o\000r\000y}{chapter.4}% 42
\BOOKMARK [1][-]{section.4.42}{\376\377\0004\0002\000.\000\040\000F\000i\000b\000e\000r\000\040\000b\000u\000n\000d\000l\000e\000s}{chapter.4}% 43
\BOOKMARK [1][-]{section.4.43}{\376\377\0004\0003\000.\000\040\000F\000i\000b\000r\000a\000t\000i\000o\000n\000s\000,\000\040\000f\000u\000n\000d\000a\000m\000e\000n\000t\000a\000l\000\040\000g\000r\000o\000u\000p\000o\000i\000d}{chapter.4}% 44
\BOOKMARK [1][-]{section.4.44}{\376\377\0004\0004\000.\000\040\000C\000o\000f\000i\000b\000r\000a\000t\000i\000o\000n\000s}{chapter.4}% 45
\BOOKMARK [1][-]{section.4.45}{\376\377\0004\0005\000.\000\040\000C\000o\000f\000i\000b\000r\000a\000t\000i\000o\000n\000\040\000s\000e\000q\000u\000e\000n\000c\000e\000s\000\040\000a\000n\000d\000\040\000c\000o\000e\000x\000a\000c\000t\000n\000e\000s\000s}{chapter.4}% 46
\BOOKMARK [1][-]{section.4.46}{\376\377\0004\0006\000.\000\040\000W\000e\000a\000k\000\040\000e\000q\000u\000i\000v\000a\000l\000e\000n\000c\000e\000s\000\040\000a\000n\000d\000\040\000W\000h\000i\000t\000e\000h\000e\000a\000d\000'\000s\000\040\000t\000h\000e\000o\000r\000e\000m\000s}{chapter.4}% 47
\BOOKMARK [1][-]{section.4.47}{\376\377\0004\0007\000.\000\040\000H\000o\000m\000o\000t\000o\000p\000y\000\040\000l\000o\000n\000g\000\040\000e\000x\000a\000c\000t\000\040\000s\000e\000q\000u\000e\000n\000c\000e\000\040\000a\000n\000d\000\040\000h\000o\000m\000o\000t\000o\000p\000y\000\040\000f\000i\000b\000e\000r\000s}{chapter.4}% 48
\BOOKMARK [0][-]{chapter.5}{\376\377\000C\000h\000a\000p\000t\000e\000r\000\040\0005\000.\000\040\000T\000h\000e\000\040\000h\000o\000m\000o\000t\000o\000p\000y\000\040\000t\000h\000e\000o\000r\000y\000\040\000o\000f\000\040\000C\000W\000\040\000c\000o\000m\000p\000l\000e\000x\000e\000s}{}% 49
\BOOKMARK [1][-]{section.5.49}{\376\377\0004\0009\000.\000\040\000C\000o\000n\000n\000e\000c\000t\000i\000v\000i\000t\000y\000\040\000a\000n\000d\000\040\000a\000p\000p\000r\000o\000x\000i\000m\000a\000t\000i\000o\000n}{chapter.5}% 50
\BOOKMARK [1][-]{section.5.51}{\376\377\0005\0001\000.\000\040\000H\000u\000r\000e\000w\000i\000c\000z\000,\000\040\000E\000i\000l\000e\000n\000b\000e\000r\000g\000,\000\040\000M\000a\000c\000\040\000L\000a\000n\000,\000\040\000a\000n\000d\000\040\000W\000h\000i\000t\000e\000h\000e\000a\000d}{chapter.5}% 51
\BOOKMARK [1][-]{section.5.53}{\376\377\0005\0003\000.\000\040\000O\000b\000s\000t\000r\000u\000c\000t\000i\000o\000n\000\040\000t\000h\000e\000o\000r\000y}{chapter.5}% 52
\BOOKMARK [0][-]{chapter.6}{\376\377\000C\000h\000a\000p\000t\000e\000r\000\040\0006\000.\000\040\000V\000e\000c\000t\000o\000r\000\040\000b\000u\000n\000d\000l\000e\000s\000\040\000a\000n\000d\000\040\000p\000r\000i\000n\000c\000i\000p\000a\000l\000\040\000b\000u\000n\000d\000l\000e\000s}{}% 53
\BOOKMARK [1][-]{section.6.54}{\376\377\0005\0004\000.\000\040\000V\000e\000c\000t\000o\000r\000\040\000b\000u\000n\000d\000l\000e\000s}{chapter.6}% 54
\BOOKMARK [1][-]{section.6.55}{\376\377\0005\0005\000.\000\040\000P\000r\000i\000n\000c\000i\000p\000a\000l\000\040\000b\000u\000n\000d\000l\000e\000s\000,\000\040\000a\000s\000s\000o\000c\000i\000a\000t\000e\000d\000\040\000b\000u\000n\000d\000l\000e\000s}{chapter.6}% 55
\BOOKMARK [1][-]{section.6.56}{\376\377\0005\0006\000.\000\040\000G\000-\000C\000W\000\040\000c\000o\000m\000p\000l\000e\000x\000e\000s\000\040\000a\000n\000d\000\040\000t\000h\000e\000\040\000I\000-\000i\000n\000v\000a\000r\000i\000a\000n\000c\000e\000\040\000o\000f\000\040\000`\0003\003\001\0009\000`\0004\0002\000`\000"\003\007\0006\0001\0003\000A\000`\000`\0004\0005\000`\0004\0007\000`\000"\0006\0000\0003\000A\000B\000u\000n\000G}{chapter.6}% 56
\BOOKMARK [1][-]{section.6.57}{\376\377\0005\0007\000.\000\040\000T\000h\000e\000\040\000c\000l\000a\000s\000s\000i\000f\000y\000i\000n\000g\000\040\000s\000p\000a\000c\000e\000\040\000o\000f\000\040\000a\000\040\000g\000r\000o\000u\000p}{chapter.6}% 57
\BOOKMARK [1][-]{section.6.58}{\376\377\0005\0008\000.\000\040\000S\000i\000m\000p\000l\000i\000c\000i\000a\000l\000\040\000s\000e\000t\000s\000\040\000a\000n\000d\000\040\000c\000l\000a\000s\000s\000i\000f\000y\000i\000n\000g\000\040\000s\000p\000a\000c\000e\000s}{chapter.6}% 58
\BOOKMARK [1][-]{section.6.59}{\376\377\0005\0009\000.\000\040\000T\000h\000e\000\040\001\014\000e\000c\000h\000\040\000c\000a\000t\000e\000g\000o\000r\000y\000\040\000a\000n\000d\000\040\000c\000l\000a\000s\000s\000i\000f\000y\000i\000n\000g\000\040\000m\000a\000p\000s}{chapter.6}% 59
\BOOKMARK [0][-]{chapter.7}{\376\377\000C\000h\000a\000p\000t\000e\000r\000\040\0007\000.\000\040\000S\000p\000e\000c\000t\000r\000a\000l\000\040\000s\000e\000q\000u\000e\000n\000c\000e\000s\000\040\000a\000n\000d\000\040\000S\000e\000r\000r\000e\000\040\000c\000l\000a\000s\000s\000e\000s}{}% 60
\BOOKMARK [1][-]{section.7.61}{\376\377\0006\0001\000.\000\040\000S\000p\000e\000c\000t\000r\000a\000l\000\040\000s\000e\000q\000u\000e\000n\000c\000e\000\040\000o\000f\000\040\000a\000\040\000f\000i\000l\000t\000e\000r\000e\000d\000\040\000c\000o\000m\000p\000l\000e\000x}{chapter.7}% 61
\BOOKMARK [1][-]{section.7.62}{\376\377\0006\0002\000.\000\040\000S\000e\000r\000r\000e\000\040\000s\000p\000e\000c\000t\000r\000a\000l\000\040\000s\000e\000q\000u\000e\000n\000c\000e}{chapter.7}% 62
\BOOKMARK [1][-]{section.7.63}{\376\377\0006\0003\000.\000\040\000E\000x\000a\000c\000t\000\040\000c\000o\000u\000p\000l\000e\000s}{chapter.7}% 63
\BOOKMARK [1][-]{section.7.64}{\376\377\0006\0004\000.\000\040\000G\000y\000s\000i\000n\000\040\000s\000e\000q\000u\000e\000n\000c\000e\000,\000\040\000e\000d\000g\000e\000\040\000h\000o\000m\000o\000m\000o\000r\000p\000h\000i\000s\000m\000s\000,\000\040\000a\000n\000d\000\040\000t\000r\000a\000n\000s\000g\000r\000e\000s\000s\000i\000o\000n}{chapter.7}% 64
\BOOKMARK [1][-]{section.7.65}{\376\377\0006\0005\000.\000\040\000S\000e\000r\000r\000e\000\040\000e\000x\000a\000c\000t\000\040\000s\000e\000q\000u\000e\000n\000c\000e\000\040\000a\000n\000d\000\040\000t\000h\000e\000\040\000H\000u\000r\000e\000w\000i\000c\000z\000\040\000t\000h\000e\000o\000r\000e\000m}{chapter.7}% 65
\BOOKMARK [1][-]{section.7.66}{\376\377\0006\0006\000.\000\040\000D\000o\000u\000b\000l\000e\000\040\000c\000o\000m\000p\000l\000e\000x\000e\000s\000\040\000a\000n\000d\000\040\000t\000h\000e\000\040\000D\000r\000e\000s\000s\000\040\000s\000p\000e\000c\000t\000r\000a\000l\000\040\000s\000e\000q\000u\000e\000n\000c\000e}{chapter.7}% 66
\BOOKMARK [1][-]{section.7.67}{\376\377\0006\0007\000.\000\040\000C\000o\000h\000o\000m\000o\000l\000o\000g\000i\000c\000a\000l\000\040\000s\000p\000e\000c\000t\000r\000a\000l\000\040\000s\000e\000q\000u\000e\000n\000c\000e\000s}{chapter.7}% 67
\BOOKMARK [1][-]{section.7.68}{\376\377\0006\0008\000.\000\040\000S\000e\000r\000r\000e\000\040\000c\000l\000a\000s\000s\000e\000s}{chapter.7}% 68
\BOOKMARK [1][-]{section.7.70}{\376\377\0007\0000\000.\000\040\000F\000r\000e\000u\000d\000e\000n\000t\000h\000a\000l\000,\000\040\000J\000a\000m\000e\000s\000,\000\040\000a\000n\000d\000\040\000B\000o\000u\000s\000f\000i\000e\000l\000d}{chapter.7}% 69
\BOOKMARK [0][-]{chapter.8}{\376\377\000C\000h\000a\000p\000t\000e\000r\000\040\0008\000.\000\040\000C\000h\000a\000r\000a\000c\000t\000e\000r\000i\000s\000t\000i\000c\000\040\000c\000l\000a\000s\000s\000e\000s\000,\000\040\000S\000t\000e\000e\000n\000r\000o\000d\000\040\000o\000p\000e\000r\000a\000t\000i\000o\000n\000s\000,\000\040\000a\000n\000d\000\040\000c\000o\000b\000o\000r\000d\000i\000s\000m}{}% 70
\BOOKMARK [1][-]{section.8.71}{\376\377\0007\0001\000.\000\040\000C\000h\000e\000r\000n\000\040\000c\000l\000a\000s\000s\000e\000s\000,\000\040\000S\000t\000i\000e\000f\000e\000l\000-\000W\000h\000i\000t\000n\000e\000y\000\040\000c\000l\000a\000s\000s\000e\000s\000,\000\040\000a\000n\000d\000\040\000t\000h\000e\000\040\000L\000e\000r\000a\000y\000-\000H\000i\000r\000s\000c\000h\000\040\000t\000h\000e\000o\000r\000e\000m}{chapter.8}% 71
\BOOKMARK [1][-]{section.8.72}{\376\377\0007\0002\000.\000\040\000H\000*\000\050\000B\000U\000\050\000n\000\051\000\051\000\040\000a\000n\000d\000\040\000t\000h\000e\000\040\000s\000p\000l\000i\000t\000t\000i\000n\000g\000\040\000p\000r\000i\000n\000c\000i\000p\000l\000e}{chapter.8}% 72
\BOOKMARK [1][-]{section.8.73}{\376\377\0007\0003\000.\000\040\000T\000h\000o\000m\000\040\000c\000l\000a\000s\000s\000\040\000a\000n\000d\000\040\000W\000h\000i\000t\000n\000e\000y\000\040\000s\000u\000m\000\040\000f\000o\000r\000m\000u\000l\000a}{chapter.8}% 73
\BOOKMARK [1][-]{section.8.74}{\376\377\0007\0004\000.\000\040\000C\000l\000o\000s\000i\000n\000g\000\040\000t\000h\000e\000\040\000C\000h\000e\000r\000n\000\040\000c\000i\000r\000c\000l\000e\000,\000\040\000a\000n\000d\000\040\000P\000o\000n\000t\000r\000y\000a\000g\000i\000n\000\040\000c\000l\000a\000s\000s\000e\000s}{chapter.8}% 74
\BOOKMARK [1][-]{section.8.75}{\376\377\0007\0005\000.\000\040\000S\000t\000e\000e\000n\000r\000o\000d\000\040\000o\000p\000e\000r\000a\000t\000i\000o\000n\000s}{chapter.8}% 75
\BOOKMARK [1][-]{section.8.76}{\376\377\0007\0006\000.\000\040\000C\000o\000b\000o\000r\000d\000i\000s\000m}{chapter.8}% 76
\BOOKMARK [1][-]{section.8.77}{\376\377\0007\0007\000.\000\040\000H\000o\000p\000f\000\040\000a\000l\000g\000e\000b\000r\000a\000s}{chapter.8}% 77
\BOOKMARK [1][-]{section.8.78}{\376\377\0007\0008\000.\000\040\000A\000p\000p\000l\000i\000c\000a\000t\000i\000o\000n\000s\000\040\000o\000f\000\040\000c\000o\000b\000o\000r\000d\000i\000s\000m}{chapter.8}% 78
