\BOOKMARK [0][-]{chapter.1}{\376\377\000C\000h\000a\000p\000t\000e\000r\000\040\0001\000.\000\040\000I\000n\000t\000r\000o\000d\000u\000c\000t\000i\000o\000n}{}% 1
\BOOKMARK [1][-]{section.1.3}{\376\377\0003\000.\000\040\000S\000i\000n\000g\000u\000l\000a\000r\000\040\000H\000o\000m\000o\000l\000o\000g\000y}{chapter.1}% 2
\BOOKMARK [0][-]{chapter.2}{\376\377\000C\000h\000a\000p\000t\000e\000r\000\040\0002\000.\000\040\000H\000o\000m\000\040\000a\000n\000d\000\040\000T\000e\000n\000s\000o\000r}{}% 3
\BOOKMARK [1][-]{section.2.1}{\376\377\0001\000.\000\040\000M\000o\000d\000u\000l\000e\000s}{chapter.2}% 4
\BOOKMARK [1][-]{section.2.2}{\376\377\0002\000.\000\040\000T\000e\000n\000s\000o\000r\000\040\000P\000r\000o\000d\000u\000c\000t\000s}{chapter.2}% 5
\BOOKMARK [0][-]{chapter.3}{\376\377\000C\000h\000a\000p\000t\000e\000r\000\040\0003\000.\000\040\000S\000p\000e\000c\000i\000a\000l\000\040\000M\000o\000d\000u\000l\000e\000s}{}% 6
\BOOKMARK [1][-]{section.3.1}{\376\377\0001\000.\000\040\000P\000r\000o\000j\000e\000c\000t\000i\000v\000e\000\040\000M\000o\000d\000u\000l\000e\000s}{chapter.3}% 7
\BOOKMARK [1][-]{section.3.2}{\376\377\0002\000.\000\040\000I\000n\000j\000e\000c\000t\000i\000v\000e\000\040\000M\000o\000d\000u\000l\000e\000s}{chapter.3}% 8
\BOOKMARK [1][-]{section.3.3}{\376\377\0003\000.\000\040\000F\000l\000a\000t\000\040\000M\000o\000d\000u\000l\000e\000s}{chapter.3}% 9
\BOOKMARK [0][-]{chapter.5}{\376\377\000C\000h\000a\000p\000t\000e\000r\000\040\0005\000.\000\040\000S\000e\000t\000t\000i\000n\000g\000\040\000t\000h\000e\000\040\000S\000t\000a\000g\000e}{}% 10
\BOOKMARK [1][-]{section.5.1}{\376\377\0001\000.\000\040\000C\000a\000t\000e\000g\000o\000r\000i\000c\000a\000l\000\040\000C\000o\000n\000s\000t\000r\000u\000c\000t\000i\000o\000n\000s}{chapter.5}% 11
\BOOKMARK [1][-]{section.5.2}{\376\377\0002\000.\000\040\000L\000i\000m\000i\000t\000s}{chapter.5}% 12
\BOOKMARK [1][-]{section.5.3}{\376\377\0003\000.\000\040\000A\000d\000j\000o\000i\000n\000t\000\040\000F\000u\000n\000c\000t\000o\000r\000\040\000T\000h\000e\000o\000r\000e\000m\000\040\000f\000o\000r\000\040\000M\000o\000d\000u\000l\000e\000s}{chapter.5}% 13
\BOOKMARK [1][-]{section.5.4}{\376\377\0004\000.\000\040\000S\000h\000e\000a\000v\000e\000s}{chapter.5}% 14
\BOOKMARK [1][-]{section.5.5}{\376\377\0005\000.\000\040\000A\000b\000e\000l\000i\000a\000n\000\040\000C\000a\000t\000e\000g\000o\000r\000i\000e\000s}{chapter.5}% 15
\BOOKMARK [0][-]{chapter.6}{\376\377\000C\000h\000a\000p\000t\000e\000r\000\040\0006\000.\000\040\000H\000o\000m\000o\000l\000o\000g\000y}{}% 16
\BOOKMARK [1][-]{section.6.1}{\376\377\0001\000.\000\040\000H\000o\000m\000o\000l\000o\000g\000y\000\040\000F\000u\000n\000c\000t\000o\000r\000s}{chapter.6}% 17
\BOOKMARK [1][-]{section.6.2}{\376\377\0002\000.\000\040\000D\000e\000r\000i\000v\000e\000d\000\040\000F\000u\000n\000c\000t\000o\000r\000s}{chapter.6}% 18
\BOOKMARK [0][-]{chapter.7}{\376\377\000C\000h\000a\000p\000t\000e\000r\000\040\0007\000.\000\040\000T\000o\000r\000\040\000a\000n\000d\000\040\000E\000x\000t}{}% 19
\BOOKMARK [1][-]{section.7.1}{\376\377\0001\000.\000\040\000T\000o\000r}{chapter.7}% 20
\BOOKMARK [1][-]{section.7.2}{\376\377\0002\000.\000\040\000E\000x\000t}{chapter.7}% 21
\BOOKMARK [0][-]{chapter.8}{\376\377\000C\000h\000a\000p\000t\000e\000r\000\040\0008\000.\000\040\000H\000o\000m\000o\000l\000o\000g\000y\000\040\000a\000n\000d\000\040\000R\000i\000n\000g\000s}{}% 22
\BOOKMARK [1][-]{section.8.1}{\376\377\0001\000.\000\040\000D\000i\000m\000e\000n\000s\000i\000o\000n\000\040\000o\000f\000\040\000R\000i\000n\000g\000s}{chapter.8}% 23
\BOOKMARK [1][-]{section.8.3}{\376\377\0003\000.\000\040\000S\000t\000a\000b\000l\000y\000\040\000F\000r\000e\000e\000\040\000M\000o\000d\000u\000l\000e\000s}{chapter.8}% 24
\BOOKMARK [0][-]{chapter.9}{\376\377\000C\000h\000a\000p\000t\000e\000r\000\040\0009\000.\000\040\000H\000o\000m\000o\000l\000o\000g\000y\000\040\000a\000n\000d\000\040\000G\000r\000o\000u\000p\000s}{}% 25
\BOOKMARK [1][-]{section.9.1}{\376\377\0001\000.\000\040\000G\000r\000o\000u\000p\000\040\000E\000x\000t\000e\000n\000s\000i\000o\000n}{chapter.9}% 26
\BOOKMARK [1][-]{section.9.4}{\376\377\0004\000.\000\040\000G\000r\000o\000u\000p\000\040\000H\000o\000m\000o\000l\000o\000g\000y}{chapter.9}% 27
\BOOKMARK [1][-]{section.9.6}{\376\377\0006\000.\000\040\000T\000r\000a\000n\000s\000f\000e\000r}{chapter.9}% 28
\BOOKMARK [1][-]{section.9.9}{\376\377\0009\000.\000\040\000C\000o\000h\000o\000m\000o\000l\000o\000g\000i\000c\000a\000l\000\040\000D\000i\000m\000e\000n\000s\000i\000o\000n}{chapter.9}% 29
\BOOKMARK [1][-]{section.9.10}{\376\377\0001\0000\000.\000\040\000D\000i\000v\000i\000s\000i\000o\000n\000\040\000R\000i\000n\000g\000s\000\040\000a\000n\000d\000\040\000B\000r\000a\000u\000e\000r\000\040\000G\000r\000o\000u\000p\000s}{chapter.9}% 30
\BOOKMARK [0][-]{chapter.10}{\376\377\000C\000h\000a\000p\000t\000e\000r\000\040\0001\0000\000.\000\040\000S\000p\000e\000c\000t\000r\000a\000l\000\040\000S\000e\000q\000u\000e\000n\000c\000e\000s}{}% 31
\BOOKMARK [1][-]{section.10.1}{\376\377\0001\000.\000\040\000B\000i\000c\000o\000m\000p\000l\000e\000x\000e\000s}{chapter.10}% 32
\BOOKMARK [1][-]{section.10.2}{\376\377\0002\000.\000\040\000F\000i\000l\000t\000r\000a\000t\000i\000o\000n\000s\000\040\000a\000n\000d\000\040\000E\000x\000a\000c\000t\000\040\000C\000o\000u\000p\000l\000e\000s}{chapter.10}% 33
\BOOKMARK [1][-]{section.10.4}{\376\377\0004\000.\000\040\000H\000o\000m\000o\000l\000o\000g\000y\000\040\000o\000f\000\040\000t\000h\000e\000\040\000T\000o\000t\000a\000l\000\040\000C\000o\000m\000p\000l\000e\000x}{chapter.10}% 34
\BOOKMARK [1][-]{section.10.5}{\376\377\0005\000.\000\040\000C\000a\000r\000t\000a\000n\000-\000E\000i\000l\000e\000n\000b\000e\000r\000g\000\040\000R\000e\000s\000o\000l\000u\000t\000i\000o\000n\000s}{chapter.10}% 35
