\BOOKMARK [0][-]{chapter.1}{\376\377\000C\000h\000a\000p\000t\000e\000r\000\040\0001\000.\000\040\000L\000o\000c\000a\000l\000\040\000T\000h\000e\000o\000r\000y}{}% 1
\BOOKMARK [1][-]{section.1.1}{\376\377\0001\000.\0001\000.\000\040\000H\000o\000l\000o\000m\000o\000r\000p\000h\000i\000c\000\040\000F\000u\000n\000c\000t\000i\000o\000n\000s\000\040\000o\000f\000\040\000S\000e\000v\000e\000r\000a\000l\000\040\000V\000a\000r\000i\000a\000b\000l\000e\000s}{chapter.1}% 2
\BOOKMARK [1][-]{section.1.2}{\376\377\0001\000.\0002\000.\000\040\000C\000o\000m\000p\000l\000e\000x\000\040\000a\000n\000d\000\040\000H\000e\000r\000m\000i\000t\000i\000a\000n\000\040\000S\000t\000r\000u\000c\000t\000u\000r\000e\000s}{chapter.1}% 3
\BOOKMARK [1][-]{section.1.3}{\376\377\0001\000.\0003\000.\000\040\000D\000i\000f\000f\000e\000r\000e\000n\000t\000i\000a\000l\000\040\000F\000o\000r\000m\000s}{chapter.1}% 4
\BOOKMARK [0][-]{chapter.2}{\376\377\000C\000h\000a\000p\000t\000e\000r\000\040\0002\000.\000\040\000C\000o\000m\000p\000l\000e\000x\000\040\000M\000a\000n\000i\000f\000o\000l\000d\000s}{}% 5
\BOOKMARK [1][-]{section.2.1}{\376\377\0002\000.\0001\000.\000\040\000C\000o\000m\000p\000l\000e\000x\000\040\000M\000a\000n\000i\000f\000o\000l\000d\000s\000:\000\040\000D\000e\000f\000i\000n\000i\000t\000i\000o\000n\000\040\000a\000n\000d\000\040\000E\000x\000a\000m\000p\000l\000e\000s}{chapter.2}% 6
\BOOKMARK [1][-]{section.2.2}{\376\377\0002\000.\0002\000.\000\040\000H\000o\000l\000o\000m\000o\000r\000p\000h\000i\000c\000\040\000V\000e\000c\000t\000o\000r\000\040\000B\000u\000n\000d\000l\000e\000s}{chapter.2}% 7
\BOOKMARK [1][-]{section.2.3}{\376\377\0002\000.\0003\000.\000\040\000D\000i\000v\000i\000s\000o\000r\000s\000\040\000a\000n\000d\000\040\000L\000i\000n\000e\000\040\000B\000u\000n\000d\000l\000e\000s}{chapter.2}% 8
\BOOKMARK [1][-]{section.2.4}{\376\377\0002\000.\0004\000.\000\040\000T\000h\000e\000\040\000P\000r\000o\000j\000e\000c\000t\000i\000v\000e\000\040\000S\000p\000a\000c\000e}{chapter.2}% 9
\BOOKMARK [1][-]{section.2.5}{\376\377\0002\000.\0005\000.\000\040\000B\000l\000o\000w\000-\000u\000p\000s}{chapter.2}% 10
\BOOKMARK [1][-]{section.2.6}{\376\377\0002\000.\0006\000.\000\040\000D\000i\000f\000f\000e\000r\000e\000n\000t\000i\000a\000l\000\040\000C\000a\000l\000c\000u\000l\000u\000s\000\040\000o\000n\000\040\000C\000o\000m\000p\000l\000e\000x\000\040\000M\000a\000n\000i\000f\000o\000l\000d\000s}{chapter.2}% 11
\BOOKMARK [0][-]{chapter.3}{\376\377\000C\000h\000a\000p\000t\000e\000r\000\040\0003\000.\000\040\000K\000\344\000h\000l\000e\000r\000\040\000M\000a\000n\000i\000f\000o\000l\000d\000s}{}% 12
\BOOKMARK [1][-]{section.3.1}{\376\377\0003\000.\0001\000.\000\040\000K\000\344\000h\000l\000e\000r\000\040\000I\000d\000e\000n\000t\000i\000t\000i\000e\000s}{chapter.3}% 13
\BOOKMARK [1][-]{section.3.2}{\376\377\0003\000.\0002\000.\000\040\000H\000o\000d\000g\000e\000\040\000T\000h\000e\000o\000r\000y\000\040\000o\000n\000\040\000K\000\344\000h\000l\000e\000r\000\040\000M\000a\000n\000i\000f\000o\000l\000d\000s}{chapter.3}% 14
\BOOKMARK [1][-]{section.3.3}{\376\377\0003\000.\0003\000.\000\040\000L\000e\000f\000s\000c\000h\000e\000t\000z\000\040\000T\000h\000e\000o\000r\000e\000m\000s}{chapter.3}% 15
\BOOKMARK [1][-]{section.a.3.A}{\376\377\000A\000.\000\040\000F\000o\000r\000m\000a\000l\000i\000t\000y\000\040\000o\000f\000\040\000C\000o\000m\000p\000a\000c\000t\000\040\000K\000\344\000h\000l\000e\000r\000\040\000M\000a\000n\000i\000f\000o\000l\000d\000s}{chapter.3}% 16
\BOOKMARK [0][-]{appendix.4}{\376\377\000C\000h\000a\000p\000t\000e\000r\000\040\0004\000.\000\040\000V\000e\000c\000t\000o\000r\000\040\000B\000u\000n\000d\000l\000e\000s}{}% 17
\BOOKMARK [1][-]{section.4.1}{\376\377\0004\000.\0001\000.\000\040\000H\000e\000r\000m\000i\000t\000i\000a\000n\000\040\000V\000e\000c\000t\000o\000r\000\040\000B\000u\000n\000d\000l\000e\000s\000\040\000a\000n\000d\000\040\000S\000e\000r\000r\000e\000\040\000D\000u\000a\000l\000i\000t\000y}{appendix.4}% 18
\BOOKMARK [1][-]{section.4.2}{\376\377\0004\000.\0002\000.\000\040\000C\000o\000n\000n\000e\000c\000t\000i\000o\000n\000s}{appendix.4}% 19
\BOOKMARK [1][-]{section.4.3}{\376\377\0004\000.\0003\000.\000\040\000C\000u\000r\000v\000a\000t\000u\000r\000e}{appendix.4}% 20
\BOOKMARK [1][-]{section.4.4}{\376\377\0004\000.\0004\000.\000\040\000C\000h\000e\000r\000n\000\040\000C\000l\000a\000s\000s\000e\000s}{appendix.4}% 21
\BOOKMARK [1][-]{section.b.4.A}{\376\377\000A\000.\000\040\000L\000e\000v\000i\000-\000C\000i\000v\000i\000t\000a\000\040\000C\000o\000n\000n\000e\000c\000t\000i\000o\000n\000\040\000a\000n\000d\000\040\000H\000o\000l\000o\000m\000o\000n\000y\000\040\000o\000n\000\040\000C\000o\000m\000p\000l\000e\000x\000\040\000M\000a\000n\000i\000f\000o\000l\000d\000s}{appendix.4}% 22
\BOOKMARK [1][-]{section.b.4.B}{\376\377\000B\000.\000\040\000H\000e\000r\000m\000i\000t\000e\000-\000E\000i\000n\000s\000t\000e\000i\000n\000\040\000a\000n\000d\000\040\000K\000\344\000h\000l\000e\000r\000\040\000E\000i\000n\000s\000t\000e\000i\000n\000\040\000M\000e\000t\000r\000i\000c\000s}{appendix.4}% 23
\BOOKMARK [0][-]{appendix.5}{\376\377\000C\000h\000a\000p\000t\000e\000r\000\040\0005\000.\000\040\000A\000p\000p\000l\000i\000c\000a\000t\000i\000o\000n\000s\000\040\000o\000f\000\040\000C\000o\000h\000o\000m\000o\000l\000o\000g\000y}{}% 24
\BOOKMARK [1][-]{section.5.1}{\376\377\0005\000.\0001\000.\000\040\000H\000i\000r\000z\000e\000b\000r\000u\000c\000h\000-\000R\000i\000e\000m\000a\000n\000n\000-\000R\000o\000c\000h\000\040\000T\000h\000e\000o\000r\000e\000m}{appendix.5}% 25
\BOOKMARK [1][-]{section.5.2}{\376\377\0005\000.\0002\000.\000\040\000K\000o\000d\000a\000i\000r\000a\000\040\000V\000a\000n\000i\000s\000h\000i\000n\000g\000\040\000T\000h\000e\000o\000r\000e\000m\000\040\000a\000n\000d\000\040\000A\000p\000p\000l\000i\000c\000a\000t\000i\000o\000n\000s}{appendix.5}% 26
\BOOKMARK [1][-]{section.5.3}{\376\377\0005\000.\0003\000.\000\040\000K\000o\000d\000a\000i\000r\000a\000\040\000E\000m\000b\000e\000d\000d\000i\000n\000g\000\040\000T\000h\000e\000o\000r\000e\000m}{appendix.5}% 27
\BOOKMARK [0][-]{appendix.6}{\376\377\000C\000h\000a\000p\000t\000e\000r\000\040\0006\000.\000\040\000D\000e\000f\000o\000r\000m\000a\000t\000i\000o\000n\000s\000\040\000o\000f\000\040\000C\000o\000m\000p\000l\000e\000x\000\040\000S\000t\000r\000u\000c\000t\000u\000r\000e\000s}{}% 28
\BOOKMARK [1][-]{section.6.1}{\376\377\0006\000.\0001\000.\000\040\000T\000h\000e\000\040\000M\000a\000u\000r\000e\000r\000-\000C\000a\000r\000t\000a\000n\000\040\000E\000q\000u\000a\000t\000i\000o\000n}{appendix.6}% 29
\BOOKMARK [1][-]{section.6.2}{\376\377\0006\000.\0002\000.\000\040\000G\000e\000n\000e\000r\000a\000l\000\040\000R\000e\000s\000u\000l\000t\000s}{appendix.6}% 30
