\BOOKMARK [-1][-]{part.1}{\376\377\000P\000a\000r\000t\000\040\0001\000.\000\040\000\040\000T\000h\000e\000\040\000B\000a\000s\000i\000c\000\040\000O\000b\000j\000e\000c\000t\000s\000\040\000o\000f\000\040\000A\000l\000g\000e\000b\000r\000a}{}% 1
\BOOKMARK [0][-]{chapter.1}{\376\377\000C\000h\000a\000p\000t\000e\000r\000\040\000I\000.\000\040\000G\000r\000o\000u\000p\000s}{part.1}% 2
\BOOKMARK [0][-]{chapter.2}{\376\377\000C\000h\000a\000p\000t\000e\000r\000\040\000I\000I\000.\000\040\000R\000i\000n\000g\000s}{part.1}% 3
\BOOKMARK [0][-]{chapter.3}{\376\377\000C\000h\000a\000p\000t\000e\000r\000\040\000I\000I\000I\000.\000\040\000M\000o\000d\000u\000l\000e\000s}{part.1}% 4
\BOOKMARK [-1][-]{part.2}{\376\377\000P\000a\000r\000t\000\040\0002\000.\000\040\000\040\000A\000l\000g\000e\000b\000r\000a\000i\000c\000\040\000E\000q\000u\000a\000t\000i\000o\000n\000s}{}% 5
\BOOKMARK [0][-]{chapter.4}{\376\377\000C\000h\000a\000p\000t\000e\000r\000\040\000I\000V\000.\000\040\000P\000o\000l\000y\000n\000o\000m\000i\000a\000l\000s}{part.2}% 6
\BOOKMARK [0][-]{chapter.5}{\376\377\000C\000h\000a\000p\000t\000e\000r\000\040\000V\000.\000\040\000A\000l\000g\000e\000b\000r\000a\000i\000c\000\040\000E\000x\000t\000e\000n\000s\000i\000o\000n\000s}{part.2}% 7
\BOOKMARK [0][-]{chapter.6}{\376\377\000C\000h\000a\000p\000t\000e\000r\000\040\000V\000I\000.\000\040\000G\000a\000l\000o\000i\000s\000\040\000T\000h\000e\000o\000r\000y}{part.2}% 8
\BOOKMARK [0][-]{chapter.7}{\376\377\000C\000h\000a\000p\000t\000e\000r\000\040\000V\000I\000I\000.\000\040\000E\000x\000t\000e\000n\000s\000i\000o\000n\000s\000\040\000o\000f\000\040\000R\000i\000n\000g\000s}{part.2}% 9
\BOOKMARK [0][-]{chapter.8}{\376\377\000C\000h\000a\000p\000t\000e\000r\000\040\000V\000I\000I\000I\000.\000\040\000T\000r\000a\000n\000s\000c\000e\000n\000d\000e\000n\000t\000a\000l\000\040\000E\000x\000t\000e\000n\000s\000i\000o\000n\000s}{part.2}% 10
\BOOKMARK [0][-]{chapter.9}{\376\377\000C\000h\000a\000p\000t\000e\000r\000\040\000I\000X\000.\000\040\000A\000l\000g\000e\000b\000r\000a\000i\000c\000\040\000S\000p\000a\000c\000e\000s}{part.2}% 11
\BOOKMARK [0][-]{chapter.10}{\376\377\000C\000h\000a\000p\000t\000e\000r\000\040\000X\000.\000\040\000N\000o\000e\000t\000h\000e\000r\000i\000a\000n\000\040\000R\000i\000n\000g\000s\000\040\000a\000n\000d\000\040\000M\000o\000d\000u\000l\000e\000s}{part.2}% 12
\BOOKMARK [0][-]{chapter.11}{\376\377\000C\000h\000a\000p\000t\000e\000r\000\040\000X\000I\000.\000\040\000R\000e\000a\000l\000\040\000F\000i\000e\000l\000d\000s}{part.2}% 13
\BOOKMARK [0][-]{chapter.12}{\376\377\000C\000h\000a\000p\000t\000e\000r\000\040\000X\000I\000I\000.\000\040\000A\000b\000s\000o\000l\000u\000t\000e\000\040\000V\000a\000l\000u\000e\000s}{part.2}% 14
\BOOKMARK [-1][-]{part.3}{\376\377\000P\000a\000r\000t\000\040\0003\000.\000\040\000\040\000L\000i\000n\000e\000a\000r\000\040\000A\000l\000g\000e\000b\000r\000a\000\040\000a\000n\000d\000\040\000R\000e\000p\000r\000e\000s\000e\000n\000t\000a\000t\000i\000o\000n\000s}{}% 15
\BOOKMARK [0][-]{chapter.13}{\376\377\000C\000h\000a\000p\000t\000e\000r\000\040\000X\000I\000I\000I\000.\000\040\000M\000a\000t\000r\000i\000c\000e\000s\000\040\000a\000n\000d\000\040\000L\000i\000n\000e\000a\000r\000\040\000M\000a\000p\000s}{part.3}% 16
\BOOKMARK [0][-]{chapter.14}{\376\377\000C\000h\000a\000p\000t\000e\000r\000\040\000X\000I\000V\000.\000\040\000R\000e\000p\000r\000e\000s\000e\000n\000t\000a\000t\000i\000o\000n\000\040\000o\000f\000\040\000O\000n\000e\000\040\000E\000n\000d\000o\000m\000o\000r\000p\000h\000i\000s\000m}{part.3}% 17
\BOOKMARK [0][-]{chapter.15}{\376\377\000C\000h\000a\000p\000t\000e\000r\000\040\000X\000V\000.\000\040\000S\000t\000r\000u\000c\000t\000u\000r\000e\000\040\000o\000f\000\040\000B\000i\000l\000i\000n\000e\000a\000r\000\040\000F\000o\000r\000m\000s}{part.3}% 18
\BOOKMARK [0][-]{chapter.16}{\376\377\000C\000h\000a\000p\000t\000e\000r\000\040\000X\000V\000I\000.\000\040\000T\000h\000e\000\040\000T\000e\000n\000s\000o\000r\000\040\000P\000r\000o\000d\000u\000c\000t}{part.3}% 19
\BOOKMARK [0][-]{chapter.17}{\376\377\000C\000h\000a\000p\000t\000e\000r\000\040\000X\000V\000I\000I\000.\000\040\000S\000e\000m\000i\000s\000i\000m\000p\000l\000i\000c\000i\000t\000y}{part.3}% 20
\BOOKMARK [0][-]{chapter.18}{\376\377\000C\000h\000a\000p\000t\000e\000r\000\040\000X\000V\000I\000I\000I\000.\000\040\000R\000e\000p\000r\000e\000s\000e\000n\000t\000a\000t\000i\000o\000n\000s\000\040\000o\000f\000\040\000F\000i\000n\000i\000t\000e\000\040\000G\000r\000o\000u\000p\000s}{part.3}% 21
\BOOKMARK [0][-]{chapter.19}{\376\377\000C\000h\000a\000p\000t\000e\000r\000\040\000X\000I\000X\000.\000\040\000T\000h\000e\000\040\000A\000l\000t\000e\000r\000n\000a\000t\000i\000n\000g\000\040\000P\000r\000o\000d\000u\000c\000t}{part.3}% 22
\BOOKMARK [-1][-]{part.4}{\376\377\000P\000a\000r\000t\000\040\0004\000.\000\040\000\040\000H\000o\000m\000o\000l\000o\000g\000i\000c\000a\000l\000\040\000A\000l\000g\000e\000b\000r\000a}{}% 23
\BOOKMARK [0][-]{chapter.20}{\376\377\000C\000h\000a\000p\000t\000e\000r\000\040\000X\000X\000.\000\040\000G\000e\000n\000e\000r\000a\000l\000\040\000H\000o\000m\000o\000l\000o\000g\000y\000\040\000T\000h\000e\000o\000r\000y}{part.4}% 24
\BOOKMARK [0][-]{chapter.21}{\376\377\000C\000h\000a\000p\000t\000e\000r\000\040\000X\000X\000I\000.\000\040\000F\000i\000n\000i\000t\000e\000\040\000F\000r\000e\000e\000\040\000R\000e\000s\000o\000l\000u\000t\000i\000o\000n\000s}{part.4}% 25
