\BOOKMARK [0][-]{chapter.1}{\376\377\000C\000h\000a\000p\000t\000e\000r\000\040\000I\000.\000\040\000G\000e\000n\000e\000r\000a\000l\000\040\000T\000o\000p\000o\000l\000o\000g\000y}{}% 1
\BOOKMARK [1][-]{section.1.1}{\376\377\000I\000.\0001\000.\000\040\000M\000e\000t\000r\000i\000c\000\040\000S\000p\000a\000c\000e\000s}{chapter.1}% 2
\BOOKMARK [1][-]{section.1.2}{\376\377\000I\000.\0002\000.\000\040\000T\000o\000p\000o\000l\000o\000g\000i\000c\000a\000l\000\040\000S\000p\000a\000c\000e\000s}{chapter.1}% 3
\BOOKMARK [1][-]{section.1.3}{\376\377\000I\000.\0003\000.\000\040\000S\000u\000b\000s\000p\000a\000c\000e\000s}{chapter.1}% 4
\BOOKMARK [1][-]{section.1.4}{\376\377\000I\000.\0004\000.\000\040\000C\000o\000n\000n\000e\000c\000t\000i\000v\000i\000t\000y\000\040\000a\000n\000d\000\040\000C\000o\000m\000p\000o\000n\000e\000n\000t\000s}{chapter.1}% 5
\BOOKMARK [1][-]{section.1.5}{\376\377\000I\000.\0005\000.\000\040\000S\000e\000p\000a\000r\000a\000t\000i\000o\000n\000\040\000A\000x\000i\000o\000m\000s}{chapter.1}% 6
\BOOKMARK [1][-]{section.1.6}{\376\377\000I\000.\0006\000.\000\040\000N\000e\000t\000s\000\040\000\050\000M\000o\000o\000r\000e\040\023\000S\000m\000i\000t\000h\000\040\000C\000o\000n\000v\000e\000r\000g\000e\000n\000c\000e\000\051}{chapter.1}% 7
\BOOKMARK [1][-]{section.1.7}{\376\377\000I\000.\0007\000.\000\040\000C\000o\000m\000p\000a\000c\000t\000n\000e\000s\000s}{chapter.1}% 8
\BOOKMARK [1][-]{section.1.8}{\376\377\000I\000.\0008\000.\000\040\000P\000r\000o\000d\000u\000c\000t\000s}{chapter.1}% 9
\BOOKMARK [1][-]{section.1.9}{\376\377\000I\000.\0009\000.\000\040\000M\000e\000t\000r\000i\000c\000\040\000S\000p\000a\000c\000e\000s\000\040\000A\000g\000a\000i\000n}{chapter.1}% 10
\BOOKMARK [1][-]{section.1.10}{\376\377\000I\000.\0001\0000\000.\000\040\000E\000x\000i\000s\000t\000e\000n\000c\000e\000\040\000o\000f\000\040\000R\000e\000a\000l\000-\000V\000a\000l\000u\000e\000d\000\040\000F\000u\000n\000c\000t\000i\000o\000n\000s}{chapter.1}% 11
\BOOKMARK [1][-]{section.1.11}{\376\377\000I\000.\0001\0001\000.\000\040\000L\000o\000c\000a\000l\000l\000y\000\040\000C\000o\000m\000p\000a\000c\000t\000\040\000S\000p\000a\000c\000e\000s}{chapter.1}% 12
\BOOKMARK [1][-]{section.1.12}{\376\377\000I\000.\0001\0002\000.\000\040\000P\000a\000r\000a\000c\000o\000m\000p\000a\000c\000t\000\040\000S\000p\000a\000c\000e\000s}{chapter.1}% 13
\BOOKMARK [1][-]{section.1.13}{\376\377\000I\000.\0001\0003\000.\000\040\000Q\000u\000o\000t\000i\000e\000n\000t\000\040\000S\000p\000a\000c\000e\000s}{chapter.1}% 14
\BOOKMARK [1][-]{section.1.14}{\376\377\000I\000.\0001\0004\000.\000\040\000H\000o\000m\000o\000t\000o\000p\000y}{chapter.1}% 15
\BOOKMARK [1][-]{section.1.15}{\376\377\000I\000.\0001\0005\000.\000\040\000T\000o\000p\000o\000l\000o\000g\000i\000c\000a\000l\000\040\000G\000r\000o\000u\000p\000s}{chapter.1}% 16
\BOOKMARK [1][-]{section.1.17}{\376\377\000I\000.\0001\0007\000.\000\040\000T\000h\000e\000\040\000B\000a\000i\000r\000e\000\040\000C\000a\000t\000e\000g\000o\000r\000y\000\040\000T\000h\000e\000o\000r\000e\000m}{chapter.1}% 17
\BOOKMARK [0][-]{chapter.2}{\376\377\000C\000h\000a\000p\000t\000e\000r\000\040\000I\000I\000.\000\040\000D\000i\000f\000f\000e\000r\000e\000n\000t\000i\000a\000b\000l\000e\000\040\000M\000a\000n\000i\000f\000o\000l\000d\000s}{}% 18
\BOOKMARK [1][-]{section.2.2}{\376\377\000I\000I\000.\0002\000.\000\040\000D\000i\000f\000f\000e\000r\000e\000n\000t\000i\000a\000b\000l\000e\000\040\000M\000a\000n\000i\000f\000o\000l\000d\000s}{chapter.2}% 19
\BOOKMARK [1][-]{section.2.4}{\376\377\000I\000I\000.\0004\000.\000\040\000I\000n\000d\000u\000c\000e\000d\000\040\000S\000t\000r\000u\000c\000t\000u\000r\000e\000s\000\040\000a\000n\000d\000\040\000E\000x\000a\000m\000p\000l\000e\000s}{chapter.2}% 20
\BOOKMARK [1][-]{section.2.5}{\376\377\000I\000I\000.\0005\000.\000\040\000T\000a\000n\000g\000e\000n\000t\000\040\000V\000e\000c\000t\000o\000r\000s\000\040\000a\000n\000d\000\040\000D\000i\000f\000f\000e\000r\000e\000n\000t\000i\000a\000l\000s}{chapter.2}% 21
\BOOKMARK [1][-]{section.2.6}{\376\377\000I\000I\000.\0006\000.\000\040\000S\000a\000r\000d\000'\000s\000\040\000T\000h\000e\000o\000r\000e\000m\000\040\000a\000n\000d\000\040\000R\000e\000g\000u\000l\000a\000r\000\040\000V\000a\000l\000u\000e\000s}{chapter.2}% 22
\BOOKMARK [1][-]{section.2.7}{\376\377\000I\000I\000.\0007\000.\000\040\000L\000o\000c\000a\000l\000\040\000P\000r\000o\000p\000e\000r\000t\000i\000e\000s\000\040\000o\000f\000\040\000I\000m\000m\000e\000r\000s\000i\000o\000n\000s\000\040\000a\000n\000d\000\040\000S\000u\000b\000m\000e\000r\000s\000i\000o\000n\000s}{chapter.2}% 23
\BOOKMARK [1][-]{section.2.8}{\376\377\000I\000I\000.\0008\000.\000\040\000V\000e\000c\000t\000o\000r\000\040\000F\000i\000e\000l\000d\000s\000\040\000a\000n\000d\000\040\000F\000l\000o\000w\000s}{chapter.2}% 24
\BOOKMARK [1][-]{section.2.9}{\376\377\000I\000I\000.\0009\000.\000\040\000T\000a\000n\000g\000e\000n\000t\000\040\000B\000u\000n\000d\000l\000e\000s}{chapter.2}% 25
\BOOKMARK [1][-]{section.2.10}{\376\377\000I\000I\000.\0001\0000\000.\000\040\000E\000m\000b\000e\000d\000d\000i\000n\000g\000\040\000i\000n\000\040\000E\000u\000c\000l\000i\000d\000e\000a\000n\000\040\000S\000p\000a\000c\000e}{chapter.2}% 26
\BOOKMARK [1][-]{section.2.13}{\376\377\000I\000I\000.\0001\0003\000.\000\040\000F\000i\000b\000e\000r\000\040\000B\000u\000n\000d\000l\000e\000s}{chapter.2}% 27
\BOOKMARK [0][-]{chapter.3}{\376\377\000C\000h\000a\000p\000t\000e\000r\000\040\000I\000I\000I\000.\000\040\000F\000u\000n\000d\000a\000m\000e\000n\000t\000a\000l\000\040\000G\000r\000o\000u\000p}{}% 28
\BOOKMARK [1][-]{section.3.2}{\376\377\000I\000I\000I\000.\0002\000.\000\040\000T\000h\000e\000\040\000F\000u\000n\000d\000a\000m\000e\000n\000t\000a\000l\000\040\000G\000r\000o\000u\000p}{chapter.3}% 29
\BOOKMARK [1][-]{section.3.3}{\376\377\000I\000I\000I\000.\0003\000.\000\040\000C\000o\000v\000e\000r\000i\000n\000g\000\040\000S\000p\000a\000c\000e\000s}{chapter.3}% 30
\BOOKMARK [1][-]{section.3.4}{\376\377\000I\000I\000I\000.\0004\000.\000\040\000T\000h\000e\000\040\000L\000i\000f\000t\000i\000n\000g\000\040\000T\000h\000e\000o\000r\000e\000m}{chapter.3}% 31
\BOOKMARK [1][-]{section.3.5}{\376\377\000I\000I\000I\000.\0005\000.\000\040\000T\000h\000e\000\040\000A\000c\000t\000i\000o\000n\000\040\000o\000f\000\040\0001\000\040\000o\000n\000\040\000t\000h\000e\000\040\000F\000i\000b\000e\000r}{chapter.3}% 32
\BOOKMARK [1][-]{section.3.6}{\376\377\000I\000I\000I\000.\0006\000.\000\040\000D\000e\000c\000k\000\040\000T\000r\000a\000n\000s\000f\000o\000r\000m\000a\000t\000i\000o\000n\000s}{chapter.3}% 33
\BOOKMARK [1][-]{section.3.7}{\376\377\000I\000I\000I\000.\0007\000.\000\040\000P\000r\000o\000p\000e\000r\000l\000y\000\040\000D\000i\000s\000c\000o\000n\000t\000i\000n\000u\000o\000u\000s\000\040\000A\000c\000t\000i\000o\000n\000s}{chapter.3}% 34
\BOOKMARK [1][-]{section.3.8}{\376\377\000I\000I\000I\000.\0008\000.\000\040\000C\000l\000a\000s\000s\000i\000f\000i\000c\000a\000t\000i\000o\000n\000\040\000o\000f\000\040\000C\000o\000v\000e\000r\000i\000n\000g\000\040\000S\000p\000a\000c\000e\000s}{chapter.3}% 35
\BOOKMARK [1][-]{section.3.9}{\376\377\000I\000I\000I\000.\0009\000.\000\040\000T\000h\000e\000\040\000S\000e\000i\000f\000e\000r\000t\040\023\000V\000a\000n\000\040\000K\000a\000m\000p\000e\000n\000\040\000T\000h\000e\000o\000r\000e\000m}{chapter.3}% 36
\BOOKMARK [0][-]{chapter.4}{\376\377\000C\000h\000a\000p\000t\000e\000r\000\040\000I\000V\000.\000\040\000H\000o\000m\000o\000l\000o\000g\000y\000\040\000T\000h\000e\000o\000r\000y}{}% 37
\BOOKMARK [1][-]{section.4.4}{\376\377\000I\000V\000.\0004\000.\000\040\000F\000u\000n\000c\000t\000o\000r\000i\000a\000l\000\040\000P\000r\000o\000p\000e\000r\000t\000i\000e\000s}{chapter.4}% 38
\BOOKMARK [1][-]{section.4.5}{\376\377\000I\000V\000.\0005\000.\000\040\000H\000o\000m\000o\000l\000o\000g\000i\000c\000a\000l\000\040\000A\000l\000g\000e\000b\000r\000a}{chapter.4}% 39
\BOOKMARK [1][-]{section.4.6}{\376\377\000I\000V\000.\0006\000.\000\040\000A\000x\000i\000o\000m\000s\000\040\000f\000o\000r\000\040\000H\000o\000m\000o\000l\000o\000g\000y}{chapter.4}% 40
\BOOKMARK [1][-]{section.4.7}{\376\377\000I\000V\000.\0007\000.\000\040\000C\000o\000m\000p\000u\000t\000a\000t\000i\000o\000n\000\040\000o\000f\000\040\000D\000e\000g\000r\000e\000e\000s}{chapter.4}% 41
\BOOKMARK [1][-]{section.4.8}{\376\377\000I\000V\000.\0008\000.\000\040\000C\000W\000-\000C\000o\000m\000p\000l\000e\000x\000e\000s}{chapter.4}% 42
\BOOKMARK [1][-]{section.4.10}{\376\377\000I\000V\000.\0001\0000\000.\000\040\000C\000e\000l\000l\000u\000l\000a\000r\000\040\000H\000o\000m\000o\000l\000o\000g\000y}{chapter.4}% 43
\BOOKMARK [1][-]{section.4.11}{\376\377\000I\000V\000.\0001\0001\000.\000\040\000C\000e\000l\000l\000u\000l\000a\000r\000\040\000M\000a\000p\000s}{chapter.4}% 44
\BOOKMARK [1][-]{section.4.12}{\376\377\000I\000V\000.\0001\0002\000.\000\040\000P\000r\000o\000d\000u\000c\000t\000s\000\040\000o\000f\000\040\000C\000W\000-\000C\000o\000m\000p\000l\000e\000x\000e\000s}{chapter.4}% 45
\BOOKMARK [1][-]{section.4.13}{\376\377\000I\000V\000.\0001\0003\000.\000\040\000E\000u\000l\000e\000r\000'\000s\000\040\000F\000o\000r\000m\000u\000l\000a}{chapter.4}% 46
\BOOKMARK [1][-]{section.4.14}{\376\377\000I\000V\000.\0001\0004\000.\000\040\000H\000o\000m\000o\000l\000o\000g\000y\000\040\000o\000f\000\040\000R\000e\000a\000l\000\040\000P\000r\000o\000j\000e\000c\000t\000i\000v\000e\000\040\000S\000p\000a\000c\000e}{chapter.4}% 47
\BOOKMARK [1][-]{section.4.18}{\376\377\000I\000V\000.\0001\0008\000.\000\040\000T\000h\000e\000\040\000M\000a\000y\000e\000r\040\023\000V\000i\000e\000t\000o\000r\000i\000s\000\040\000S\000e\000q\000u\000e\000n\000c\000e}{chapter.4}% 48
\BOOKMARK [1][-]{section.4.19}{\376\377\000I\000V\000.\0001\0009\000.\000\040\000T\000h\000e\000\040\000G\000e\000n\000e\000r\000a\000l\000i\000z\000e\000d\000\040\000J\000o\000r\000d\000a\000n\000\040\000C\000u\000r\000v\000e\000\040\000T\000h\000e\000o\000r\000e\000m}{chapter.4}% 49
\BOOKMARK [1][-]{section.4.20}{\376\377\000I\000V\000.\0002\0000\000.\000\040\000T\000h\000e\000\040\000B\000o\000r\000s\000u\000k\040\023\000U\000l\000a\000m\000\040\000T\000h\000e\000o\000r\000e\000m}{chapter.4}% 50
\BOOKMARK [1][-]{section.4.21}{\376\377\000I\000V\000.\0002\0001\000.\000\040\000S\000i\000m\000p\000l\000i\000c\000i\000a\000l\000\040\000C\000o\000m\000p\000l\000e\000x\000e\000s}{chapter.4}% 51
\BOOKMARK [1][-]{section.4.22}{\376\377\000I\000V\000.\0002\0002\000.\000\040\000S\000i\000m\000p\000l\000i\000c\000i\000a\000l\000\040\000M\000a\000p\000s}{chapter.4}% 52
\BOOKMARK [1][-]{section.4.23}{\376\377\000I\000V\000.\0002\0003\000.\000\040\000T\000h\000e\000\040\000L\000e\000f\000s\000c\000h\000e\000t\000z\040\023\000H\000o\000p\000f\000\040\000F\000i\000x\000e\000d\000\040\000P\000o\000i\000n\000t\000\040\000T\000h\000e\000o\000r\000e\000m}{chapter.4}% 53
\BOOKMARK [0][-]{chapter.5}{\376\377\000C\000h\000a\000p\000t\000e\000r\000\040\000V\000.\000\040\000C\000o\000h\000o\000m\000o\000l\000o\000g\000y}{}% 54
\BOOKMARK [1][-]{section.5.2}{\376\377\000V\000.\0002\000.\000\040\000D\000i\000f\000f\000e\000r\000e\000n\000t\000i\000a\000l\000\040\000F\000o\000r\000m\000s}{chapter.5}% 55
\BOOKMARK [1][-]{section.5.7}{\376\377\000V\000.\0007\000.\000\040\000U\000n\000i\000v\000e\000r\000s\000a\000l\000\040\000C\000o\000e\000f\000f\000i\000c\000i\000e\000n\000t\000\040\000T\000h\000e\000o\000r\000e\000m}{chapter.5}% 56
\BOOKMARK [1][-]{section.5.9}{\376\377\000V\000.\0009\000.\000\040\000d\000e\000\040\000R\000h\000a\000m\000'\000s\000\040\000T\000h\000e\000o\000r\000e\000m}{chapter.5}% 57
\BOOKMARK [1][-]{section.5.11}{\376\377\000V\000.\0001\0001\000.\000\040\000H\000o\000p\000f\000'\000s\000\040\000T\000h\000e\000o\000r\000e\000m\000\040\000o\000n\000\040\000M\000a\000p\000s\000\040\000t\000o\000\040\000S\000p\000h\000e\000r\000e\000s}{chapter.5}% 58
\BOOKMARK [0][-]{chapter.6}{\376\377\000C\000h\000a\000p\000t\000e\000r\000\040\000V\000I\000.\000\040\000P\000r\000o\000d\000u\000c\000t\000s\000\040\000a\000n\000d\000\040\000D\000u\000a\000l\000i\000t\000y}{}% 59
\BOOKMARK [1][-]{section.6.1}{\376\377\000V\000I\000.\0001\000.\000\040\000T\000h\000e\000\040\000C\000r\000o\000s\000s\000\040\000P\000r\000o\000d\000u\000c\000t\000\040\000a\000n\000d\000\040\000t\000h\000e\000\040\000K\000\374\000n\000n\000e\000t\000h\000\040\000T\000h\000e\000o\000r\000e\000m}{chapter.6}% 60
\BOOKMARK [1][-]{section.6.3}{\376\377\000V\000I\000.\0003\000.\000\040\000T\000h\000e\000\040\000C\000o\000h\000o\000m\000o\000l\000o\000g\000y\000\040\000C\000r\000o\000s\000s\000\040\000P\000r\000o\000d\000u\000c\000t}{chapter.6}% 61
\BOOKMARK [1][-]{section.6.4}{\376\377\000V\000I\000.\0004\000.\000\040\000T\000h\000e\000\040\000C\000u\000p\000\040\000P\000r\000o\000d\000u\000c\000t}{chapter.6}% 62
\BOOKMARK [1][-]{section.6.5}{\376\377\000V\000I\000.\0005\000.\000\040\000T\000h\000e\000\040\000C\000a\000p\000\040\000P\000r\000o\000d\000u\000c\000t}{chapter.6}% 63
\BOOKMARK [1][-]{section.6.7}{\376\377\000V\000I\000.\0007\000.\000\040\000T\000h\000e\000\040\000O\000r\000i\000e\000n\000t\000a\000t\000i\000o\000n\000\040\000B\000u\000n\000d\000l\000e}{chapter.6}% 64
\BOOKMARK [1][-]{section.6.8}{\376\377\000V\000I\000.\0008\000.\000\040\000D\000u\000a\000l\000i\000t\000y\000\040\000T\000h\000e\000o\000r\000e\000m\000s}{chapter.6}% 65
\BOOKMARK [1][-]{section.6.9}{\376\377\000V\000I\000.\0009\000.\000\040\000D\000u\000a\000l\000i\000t\000y\000\040\000o\000n\000\040\000C\000o\000m\000p\000a\000c\000t\000\040\000M\000a\000n\000i\000f\000o\000l\000d\000s\000\040\000w\000i\000t\000h\000\040\000B\000o\000u\000n\000d\000a\000r\000y}{chapter.6}% 66
\BOOKMARK [1][-]{section.6.10}{\376\377\000V\000I\000.\0001\0000\000.\000\040\000A\000p\000p\000l\000i\000c\000a\000t\000i\000o\000n\000s\000\040\000o\000f\000\040\000D\000u\000a\000l\000i\000t\000y}{chapter.6}% 67
\BOOKMARK [1][-]{section.6.11}{\376\377\000V\000I\000.\0001\0001\000.\000\040\000I\000n\000t\000e\000r\000s\000e\000c\000t\000i\000o\000n\000\040\000T\000h\000e\000o\000r\000y}{chapter.6}% 68
\BOOKMARK [1][-]{section.6.12}{\376\377\000V\000I\000.\0001\0002\000.\000\040\000T\000h\000e\000\040\000E\000u\000l\000e\000r\000\040\000C\000l\000a\000s\000s\000,\000\040\000L\000e\000f\000s\000c\000h\000e\000t\000z\000\040\000N\000u\000m\000b\000e\000r\000s\000,\000\040\000a\000n\000d\000\040\000V\000e\000c\000t\000o\000r\000\040\000F\000i\000e\000l\000d\000s}{chapter.6}% 69
\BOOKMARK [1][-]{section.6.14}{\376\377\000V\000I\000.\0001\0004\000.\000\040\000L\000e\000f\000s\000c\000h\000e\000t\000z\000\040\000C\000o\000i\000n\000c\000i\000d\000e\000n\000c\000e\000\040\000T\000h\000e\000o\000r\000y}{chapter.6}% 70
\BOOKMARK [1][-]{section.6.15}{\376\377\000V\000I\000.\0001\0005\000.\000\040\000S\000t\000e\000e\000n\000r\000o\000d\000\040\000O\000p\000e\000r\000a\000t\000i\000o\000n\000s}{chapter.6}% 71
\BOOKMARK [1][-]{section.6.17}{\376\377\000V\000I\000.\0001\0007\000.\000\040\000S\000t\000i\000e\000f\000e\000l\040\023\000W\000h\000i\000t\000n\000e\000y\000\040\000C\000l\000a\000s\000s\000e\000s}{chapter.6}% 72
\BOOKMARK [1][-]{section.6.18}{\376\377\000V\000I\000.\0001\0008\000.\000\040\000P\000l\000u\000m\000b\000i\000n\000g}{chapter.6}% 73
\BOOKMARK [0][-]{chapter.7}{\376\377\000C\000h\000a\000p\000t\000e\000r\000\040\000V\000I\000I\000.\000\040\000H\000o\000m\000o\000t\000o\000p\000y\000\040\000T\000h\000e\000o\000r\000y}{}% 74
\BOOKMARK [1][-]{section.7.1}{\376\377\000V\000I\000I\000.\0001\000.\000\040\000C\000o\000f\000i\000b\000r\000a\000t\000i\000o\000n\000s}{chapter.7}% 75
\BOOKMARK [1][-]{section.7.2}{\376\377\000V\000I\000I\000.\0002\000.\000\040\000T\000h\000e\000\040\000C\000o\000m\000p\000a\000c\000t\000-\000O\000p\000e\000n\000\040\000T\000o\000p\000o\000l\000o\000g\000y}{chapter.7}% 76
\BOOKMARK [1][-]{section.7.5}{\376\377\000V\000I\000I\000.\0005\000.\000\040\000T\000h\000e\000\040\000H\000o\000m\000o\000t\000o\000p\000y\000\040\000S\000e\000q\000u\000e\000n\000c\000e\000\040\000o\000f\000\040\000a\000\040\000P\000a\000i\000r}{chapter.7}% 77
\BOOKMARK [1][-]{section.7.6}{\376\377\000V\000I\000I\000.\0006\000.\000\040\000F\000i\000b\000e\000r\000\040\000S\000p\000a\000c\000e\000s}{chapter.7}% 78
\BOOKMARK [1][-]{section.7.7}{\376\377\000V\000I\000I\000.\0007\000.\000\040\000F\000r\000e\000e\000\040\000H\000o\000m\000o\000t\000o\000p\000y}{chapter.7}% 79
\BOOKMARK [1][-]{section.7.8}{\376\377\000V\000I\000I\000.\0008\000.\000\040\000C\000l\000a\000s\000s\000i\000c\000a\000l\000\040\000G\000r\000o\000u\000p\000s\000\040\000a\000n\000d\000\040\000A\000s\000s\000o\000c\000i\000a\000t\000e\000d\000\040\000M\000a\000n\000i\000f\000o\000l\000d\000s}{chapter.7}% 80
\BOOKMARK [1][-]{section.7.10}{\376\377\000V\000I\000I\000.\0001\0000\000.\000\040\000T\000h\000e\000\040\000H\000u\000r\000e\000w\000i\000c\000z\000\040\000T\000h\000e\000o\000r\000e\000m}{chapter.7}% 81
\BOOKMARK [1][-]{section.7.11}{\376\377\000V\000I\000I\000.\0001\0001\000.\000\040\000T\000h\000e\000\040\000W\000h\000i\000t\000e\000h\000e\000a\000d\000\040\000T\000h\000e\000o\000r\000e\000m}{chapter.7}% 82
\BOOKMARK [1][-]{section.7.12}{\376\377\000V\000I\000I\000.\0001\0002\000.\000\040\000E\000i\000l\000e\000n\000b\000e\000r\000g\040\023\000M\000a\000c\000\040\000L\000a\000n\000e\000\040\000S\000p\000a\000c\000e\000s}{chapter.7}% 83
\BOOKMARK [1][-]{section.7.13}{\376\377\000V\000I\000I\000.\0001\0003\000.\000\040\000O\000b\000s\000t\000r\000u\000c\000t\000i\000o\000n\000\040\000T\000h\000e\000o\000r\000y}{chapter.7}% 84
