\BOOKMARK [0][-]{chapter.1}{\376\377\000C\000h\000a\000p\000t\000e\000r\000\040\0001\000.\000\040\000T\000h\000e\000\040\000f\000u\000n\000d\000a\000m\000e\000n\000t\000a\000l\000\040\000g\000r\000o\000u\000p\000\040\000a\000n\000d\000\040\000s\000o\000m\000e\000\040\000o\000f\000\040\000i\000t\000s\000\040\000a\000p\000p\000l\000i\000c\000a\000t\000i\000o\000n\000s}{}% 1
\BOOKMARK [0][-]{chapter.2}{\376\377\000C\000h\000a\000p\000t\000e\000r\000\040\0002\000.\000\040\000C\000a\000t\000e\000g\000o\000r\000i\000c\000a\000l\000\040\000l\000a\000n\000g\000u\000a\000g\000e\000\040\000a\000n\000d\000\040\000t\000h\000e\000\040\000v\000a\000n\000\040\000K\000a\000m\000p\000e\000n\000\040\000t\000h\000e\000o\000r\000e\000m}{}% 2
\BOOKMARK [0][-]{chapter.3}{\376\377\000C\000h\000a\000p\000t\000e\000r\000\040\0003\000.\000\040\000C\000o\000v\000e\000r\000i\000n\000g\000\040\000s\000p\000a\000c\000e\000s}{}% 3
\BOOKMARK [0][-]{chapter.4}{\376\377\000C\000h\000a\000p\000t\000e\000r\000\040\0004\000.\000\040\000G\000r\000a\000p\000h\000s}{}% 4
\BOOKMARK [0][-]{chapter.5}{\376\377\000C\000h\000a\000p\000t\000e\000r\000\040\0005\000.\000\040\000C\000o\000m\000p\000a\000c\000t\000l\000y\000\040\000g\000e\000n\000e\000r\000a\000t\000e\000d\000\040\000s\000p\000a\000c\000e\000s}{}% 5
\BOOKMARK [0][-]{chapter.6}{\376\377\000C\000h\000a\000p\000t\000e\000r\000\040\0006\000.\000\040\000C\000o\000f\000i\000b\000r\000a\000t\000i\000o\000n\000s}{}% 6
\BOOKMARK [0][-]{chapter.7}{\376\377\000C\000h\000a\000p\000t\000e\000r\000\040\0007\000.\000\040\000F\000i\000b\000r\000a\000t\000i\000o\000n\000s}{}% 7
\BOOKMARK [0][-]{chapter.8}{\376\377\000C\000h\000a\000p\000t\000e\000r\000\040\0008\000.\000\040\000B\000a\000s\000e\000d\000\040\000c\000o\000f\000i\000b\000e\000r\000\040\000a\000n\000d\000\040\000f\000i\000b\000e\000r\000\040\000s\000e\000q\000u\000e\000n\000c\000e\000s}{}% 8
\BOOKMARK [0][-]{chapter.9}{\376\377\000C\000h\000a\000p\000t\000e\000r\000\040\0009\000.\000\040\000H\000i\000g\000h\000e\000r\000\040\000h\000o\000m\000o\000t\000o\000p\000y\000\040\000g\000r\000o\000u\000p\000s}{}% 9
\BOOKMARK [0][-]{chapter.10}{\376\377\000C\000h\000a\000p\000t\000e\000r\000\040\0001\0000\000.\000\040\000C\000W\000\040\000c\000o\000m\000p\000l\000e\000x\000e\000s}{}% 10
\BOOKMARK [0][-]{chapter.12}{\376\377\000C\000h\000a\000p\000t\000e\000r\000\040\0001\0002\000.\000\040\000A\000\040\000l\000i\000t\000t\000l\000e\000\040\000h\000o\000m\000o\000l\000o\000g\000i\000c\000a\000l\000\040\000a\000l\000g\000e\000b\000r\000a}{}% 11
\BOOKMARK [0][-]{chapter.13}{\376\377\000C\000h\000a\000p\000t\000e\000r\000\040\0001\0003\000.\000\040\000A\000x\000i\000o\000m\000a\000t\000i\000c\000\040\000a\000n\000d\000\040\000c\000e\000l\000l\000u\000l\000a\000r\000\040\000h\000o\000m\000o\000l\000o\000g\000y\000\040\000t\000h\000e\000o\000r\000y}{}% 12
\BOOKMARK [0][-]{chapter.14}{\376\377\000C\000h\000a\000p\000t\000e\000r\000\040\0001\0004\000.\000\040\000D\000e\000r\000i\000v\000a\000t\000i\000o\000n\000s\000\040\000o\000f\000\040\000p\000r\000o\000p\000e\000r\000t\000i\000e\000s\000\040\000f\000r\000o\000m\000\040\000t\000h\000e\000\040\000a\000x\000i\000o\000m\000s}{}% 13
\BOOKMARK [0][-]{chapter.15}{\376\377\000C\000h\000a\000p\000t\000e\000r\000\040\0001\0005\000.\000\040\000T\000h\000e\000\040\000H\000u\000r\000e\000w\000i\000c\000z\000\040\000a\000n\000d\000\040\000u\000n\000i\000q\000u\000e\000n\000e\000s\000s\000\040\000t\000h\000e\000o\000r\000e\000m\000s}{}% 14
\BOOKMARK [0][-]{chapter.16}{\376\377\000C\000h\000a\000p\000t\000e\000r\000\040\0001\0006\000.\000\040\000S\000i\000n\000g\000u\000l\000a\000r\000\040\000h\000o\000m\000o\000l\000o\000g\000y\000\040\000t\000h\000e\000o\000r\000y}{}% 15
\BOOKMARK [0][-]{chapter.18}{\376\377\000C\000h\000a\000p\000t\000e\000r\000\040\0001\0008\000.\000\040\000A\000x\000i\000o\000m\000a\000t\000i\000c\000\040\000a\000n\000d\000\040\000c\000e\000l\000l\000u\000l\000a\000r\000\040\000c\000o\000h\000o\000m\000o\000l\000o\000g\000y\000\040\000t\000h\000e\000o\000r\000y}{}% 16
\BOOKMARK [0][-]{chapter.19}{\376\377\000C\000h\000a\000p\000t\000e\000r\000\040\0001\0009\000.\000\040\000D\000e\000r\000i\000v\000a\000t\000i\000o\000n\000s\000\040\000o\000f\000\040\000p\000r\000o\000p\000e\000r\000t\000i\000e\000s\000\040\000f\000r\000o\000m\000\040\000t\000h\000e\000\040\000a\000x\000i\000o\000m\000s}{}% 17
\BOOKMARK [0][-]{chapter.20}{\376\377\000C\000h\000a\000p\000t\000e\000r\000\040\0002\0000\000.\000\040\000T\000h\000e\000\040\000P\000o\000i\000n\000c\000a\000r\000\351\000\040\000d\000u\000a\000l\000i\000t\000y\000\040\000t\000h\000e\000o\000r\000e\000m}{}% 18
\BOOKMARK [0][-]{chapter.21}{\376\377\000C\000h\000a\000p\000t\000e\000r\000\040\0002\0001\000.\000\040\000T\000h\000e\000\040\000i\000n\000d\000e\000x\000\040\000o\000f\000\040\000m\000a\000n\000i\000f\000o\000l\000d\000s\000;\000\040\000m\000a\000n\000i\000f\000o\000l\000d\000s\000\040\000w\000i\000t\000h\000\040\000b\000o\000u\000n\000d\000a\000r\000y}{}% 19
\BOOKMARK [0][-]{chapter.22}{\376\377\000C\000h\000a\000p\000t\000e\000r\000\040\0002\0002\000.\000\040\000H\000o\000m\000o\000l\000o\000g\000y\000,\000\040\000c\000o\000h\000o\000m\000o\000l\000o\000g\000y\000,\000\040\000a\000n\000d\000\040\000K\000\050\000,\000\040\000n\000\051\000s}{}% 20
\BOOKMARK [0][-]{chapter.23}{\376\377\000C\000h\000a\000p\000t\000e\000r\000\040\0002\0003\000.\000\040\000C\000h\000a\000r\000a\000c\000t\000e\000r\000i\000s\000t\000i\000c\000\040\000c\000l\000a\000s\000s\000e\000s\000\040\000o\000f\000\040\000v\000e\000c\000t\000o\000r\000\040\000b\000u\000n\000d\000l\000e\000s}{}% 21
